
*** Running vivado
    with args -log solution_axi_gpio_0_1.vds -m64 -product Vivado -mode batch -messageDb vivado.pb -notrace -source solution_axi_gpio_0_1.tcl


****** Vivado v2017.2 (64-bit)
  **** SW Build 1909853 on Thu Jun 15 18:39:09 MDT 2017
  **** IP Build 1909766 on Thu Jun 15 19:58:00 MDT 2017
    ** Copyright 1986-2017 Xilinx, Inc. All Rights Reserved.

source solution_axi_gpio_0_1.tcl -notrace
Starting RTL Elaboration : Time (s): cpu = 00:00:07 ; elapsed = 00:00:08 . Memory (MB): peak = 315.645 ; gain = 78.789
INFO: [Synth 8-638] synthesizing module 'solution_axi_gpio_0_1' [c:/master/EmbeddedPRJ/MiniProjectCPP/MiniProjectCPP.srcs/sources_1/bd/solution/ip/solution_axi_gpio_0_1/synth/solution_axi_gpio_0_1.vhd:85]
INFO: [Synth 8-638] synthesizing module 'axi_gpio' [c:/master/EmbeddedPRJ/MiniProjectCPP/MiniProjectCPP.srcs/sources_1/bd/solution/ipshared/cb07/hdl/axi_gpio_v2_0_vh_rfs.vhd:1257]
INFO: [Synth 8-638] synthesizing module 'axi_lite_ipif' [c:/master/EmbeddedPRJ/MiniProjectCPP/MiniProjectCPP.srcs/sources_1/bd/solution/ipshared/0ba0/hdl/axi_lite_ipif_v3_0_vh_rfs.vhd:2948]
INFO: [Synth 8-638] synthesizing module 'slave_attachment' [c:/master/EmbeddedPRJ/MiniProjectCPP/MiniProjectCPP.srcs/sources_1/bd/solution/ipshared/0ba0/hdl/axi_lite_ipif_v3_0_vh_rfs.vhd:2341]
INFO: [Synth 8-638] synthesizing module 'address_decoder' [c:/master/EmbeddedPRJ/MiniProjectCPP/MiniProjectCPP.srcs/sources_1/bd/solution/ipshared/0ba0/hdl/axi_lite_ipif_v3_0_vh_rfs.vhd:1775]
INFO: [Synth 8-638] synthesizing module 'pselect_f' [c:/master/EmbeddedPRJ/MiniProjectCPP/MiniProjectCPP.srcs/sources_1/bd/solution/ipshared/0ba0/hdl/axi_lite_ipif_v3_0_vh_rfs.vhd:1534]
INFO: [Synth 8-256] done synthesizing module 'pselect_f' (1#1) [c:/master/EmbeddedPRJ/MiniProjectCPP/MiniProjectCPP.srcs/sources_1/bd/solution/ipshared/0ba0/hdl/axi_lite_ipif_v3_0_vh_rfs.vhd:1534]
INFO: [Synth 8-638] synthesizing module 'pselect_f__parameterized0' [c:/master/EmbeddedPRJ/MiniProjectCPP/MiniProjectCPP.srcs/sources_1/bd/solution/ipshared/0ba0/hdl/axi_lite_ipif_v3_0_vh_rfs.vhd:1534]
INFO: [Synth 8-256] done synthesizing module 'pselect_f__parameterized0' (1#1) [c:/master/EmbeddedPRJ/MiniProjectCPP/MiniProjectCPP.srcs/sources_1/bd/solution/ipshared/0ba0/hdl/axi_lite_ipif_v3_0_vh_rfs.vhd:1534]
INFO: [Synth 8-638] synthesizing module 'pselect_f__parameterized1' [c:/master/EmbeddedPRJ/MiniProjectCPP/MiniProjectCPP.srcs/sources_1/bd/solution/ipshared/0ba0/hdl/axi_lite_ipif_v3_0_vh_rfs.vhd:1534]
INFO: [Synth 8-256] done synthesizing module 'pselect_f__parameterized1' (1#1) [c:/master/EmbeddedPRJ/MiniProjectCPP/MiniProjectCPP.srcs/sources_1/bd/solution/ipshared/0ba0/hdl/axi_lite_ipif_v3_0_vh_rfs.vhd:1534]
INFO: [Synth 8-638] synthesizing module 'pselect_f__parameterized2' [c:/master/EmbeddedPRJ/MiniProjectCPP/MiniProjectCPP.srcs/sources_1/bd/solution/ipshared/0ba0/hdl/axi_lite_ipif_v3_0_vh_rfs.vhd:1534]
INFO: [Synth 8-256] done synthesizing module 'pselect_f__parameterized2' (1#1) [c:/master/EmbeddedPRJ/MiniProjectCPP/MiniProjectCPP.srcs/sources_1/bd/solution/ipshared/0ba0/hdl/axi_lite_ipif_v3_0_vh_rfs.vhd:1534]
INFO: [Synth 8-256] done synthesizing module 'address_decoder' (2#1) [c:/master/EmbeddedPRJ/MiniProjectCPP/MiniProjectCPP.srcs/sources_1/bd/solution/ipshared/0ba0/hdl/axi_lite_ipif_v3_0_vh_rfs.vhd:1775]
INFO: [Synth 8-256] done synthesizing module 'slave_attachment' (3#1) [c:/master/EmbeddedPRJ/MiniProjectCPP/MiniProjectCPP.srcs/sources_1/bd/solution/ipshared/0ba0/hdl/axi_lite_ipif_v3_0_vh_rfs.vhd:2341]
INFO: [Synth 8-256] done synthesizing module 'axi_lite_ipif' (4#1) [c:/master/EmbeddedPRJ/MiniProjectCPP/MiniProjectCPP.srcs/sources_1/bd/solution/ipshared/0ba0/hdl/axi_lite_ipif_v3_0_vh_rfs.vhd:2948]
INFO: [Synth 8-638] synthesizing module 'GPIO_Core' [c:/master/EmbeddedPRJ/MiniProjectCPP/MiniProjectCPP.srcs/sources_1/bd/solution/ipshared/cb07/hdl/axi_gpio_v2_0_vh_rfs.vhd:177]
INFO: [Synth 8-638] synthesizing module 'cdc_sync' [c:/master/EmbeddedPRJ/MiniProjectCPP/MiniProjectCPP.srcs/sources_1/bd/solution/ipshared/52cb/hdl/lib_cdc_v1_0_rfs.vhd:106]
INFO: [Synth 8-256] done synthesizing module 'cdc_sync' (5#1) [c:/master/EmbeddedPRJ/MiniProjectCPP/MiniProjectCPP.srcs/sources_1/bd/solution/ipshared/52cb/hdl/lib_cdc_v1_0_rfs.vhd:106]
INFO: [Synth 8-256] done synthesizing module 'GPIO_Core' (6#1) [c:/master/EmbeddedPRJ/MiniProjectCPP/MiniProjectCPP.srcs/sources_1/bd/solution/ipshared/cb07/hdl/axi_gpio_v2_0_vh_rfs.vhd:177]
INFO: [Synth 8-256] done synthesizing module 'axi_gpio' (7#1) [c:/master/EmbeddedPRJ/MiniProjectCPP/MiniProjectCPP.srcs/sources_1/bd/solution/ipshared/cb07/hdl/axi_gpio_v2_0_vh_rfs.vhd:1257]
INFO: [Synth 8-256] done synthesizing module 'solution_axi_gpio_0_1' (8#1) [c:/master/EmbeddedPRJ/MiniProjectCPP/MiniProjectCPP.srcs/sources_1/bd/solution/ip/solution_axi_gpio_0_1/synth/solution_axi_gpio_0_1.vhd:85]
Finished RTL Elaboration : Time (s): cpu = 00:00:09 ; elapsed = 00:00:10 . Memory (MB): peak = 357.727 ; gain = 120.871
Finished RTL Optimization Phase 1 : Time (s): cpu = 00:00:09 ; elapsed = 00:00:10 . Memory (MB): peak = 357.727 ; gain = 120.871
INFO: [Device 21-403] Loading part xc7z010clg400-1
Constraint Validation Runtime : Time (s): cpu = 00:00:00 ; elapsed = 00:00:00.037 . Memory (MB): peak = 660.934 ; gain = 0.000
Finished Constraint Validation : Time (s): cpu = 00:00:28 ; elapsed = 00:00:31 . Memory (MB): peak = 660.934 ; gain = 424.078
Finished Loading Part and Timing Information : Time (s): cpu = 00:00:28 ; elapsed = 00:00:31 . Memory (MB): peak = 660.934 ; gain = 424.078
Finished applying 'set_property' XDC Constraints : Time (s): cpu = 00:00:28 ; elapsed = 00:00:31 . Memory (MB): peak = 660.934 ; gain = 424.078
Finished RTL Optimization Phase 2 : Time (s): cpu = 00:00:29 ; elapsed = 00:00:32 . Memory (MB): peak = 660.934 ; gain = 424.078
Finished Cross Boundary and Area Optimization : Time (s): cpu = 00:00:30 ; elapsed = 00:00:33 . Memory (MB): peak = 660.934 ; gain = 424.078
Finished Applying XDC Timing Constraints : Time (s): cpu = 00:00:51 ; elapsed = 00:00:56 . Memory (MB): peak = 660.934 ; gain = 424.078
Finished Timing Optimization : Time (s): cpu = 00:00:51 ; elapsed = 00:00:56 . Memory (MB): peak = 660.934 ; gain = 424.078
Finished Technology Mapping : Time (s): cpu = 00:00:52 ; elapsed = 00:00:56 . Memory (MB): peak = 660.934 ; gain = 424.078
Finished IO Insertion : Time (s): cpu = 00:00:53 ; elapsed = 00:00:57 . Memory (MB): peak = 660.934 ; gain = 424.078
Finished Renaming Generated Instances : Time (s): cpu = 00:00:53 ; elapsed = 00:00:57 . Memory (MB): peak = 660.934 ; gain = 424.078
Finished Rebuilding User Hierarchy : Time (s): cpu = 00:00:53 ; elapsed = 00:00:57 . Memory (MB): peak = 660.934 ; gain = 424.078
Finished Renaming Generated Ports : Time (s): cpu = 00:00:53 ; elapsed = 00:00:57 . Memory (MB): peak = 660.934 ; gain = 424.078
Finished Handling Custom Attributes : Time (s): cpu = 00:00:53 ; elapsed = 00:00:57 . Memory (MB): peak = 660.934 ; gain = 424.078
Finished Renaming Generated Nets : Time (s): cpu = 00:00:53 ; elapsed = 00:00:57 . Memory (MB): peak = 660.934 ; gain = 424.078

Report Cell Usage: 
+------+-----+------+
|      |Cell |Count |
+------+-----+------+
|1     |LUT1 |     2|
|2     |LUT2 |     6|
|3     |LUT3 |     3|
|4     |LUT4 |     3|
|5     |LUT5 |     9|
|6     |LUT6 |    21|
|7     |FDR  |    32|
|8     |FDRE |    53|
|9     |FDSE |     8|
+------+-----+------+
Finished Writing Synthesis Report : Time (s): cpu = 00:00:53 ; elapsed = 00:00:57 . Memory (MB): peak = 660.934 ; gain = 424.078
synth_design: Time (s): cpu = 00:00:56 ; elapsed = 00:01:01 . Memory (MB): peak = 660.934 ; gain = 432.844
