#-----------------------------------------------------------
# Vivado v2017.2 (64-bit)
# SW Build 1909853 on Thu Jun 15 18:39:09 MDT 2017
# IP Build 1909766 on Thu Jun 15 19:58:00 MDT 2017
# Start of session at: Sun Oct 27 11:27:12 2019
# Process ID: 6608
# Current directory: C:/ERTS_miniproject/E19_Embedded/MiniProject
# Command line: vivado.exe -gui_launcher_event rodinguilauncherevent9128 C:\ERTS_miniproject\E19_Embedded\MiniProject\MiniProject.xpr
# Log file: C:/ERTS_miniproject/E19_Embedded/MiniProject/vivado.log
# Journal file: C:/ERTS_miniproject/E19_Embedded/MiniProject\vivado.jou
#-----------------------------------------------------------
start_gui
open_project C:/ERTS_miniproject/E19_Embedded/MiniProject/MiniProject.xpr
INFO: [Project 1-313] Project file moved from 'C:/ERTS_Miniproject/MiniProject' since last save.
Scanning sources...
Finished scanning sources
INFO: [filemgmt 56-1] IP Repository Path: Directory not found as 'C:/ERTS_miniproject/Users/tenna/Documents/Computerteknologi/E19/EmbeddedRealTimeSystems/Assignment_2/EmbeddedSystem_labs/led_ip_1.0/led_ip_1.0'; using path 'C:/Users/tenna/Documents/Computerteknologi/E19/EmbeddedRealTimeSystems/Assignment_2/EmbeddedSystem_labs/led_ip_1.0/led_ip_1.0' instead.
INFO: [IP_Flow 19-234] Refreshing IP repositories
INFO: [IP_Flow 19-1700] Loaded user IP repository 'c:/Users/tenna/Documents/Computerteknologi/E19/EmbeddedRealTimeSystems/Assignment_2/EmbeddedSystem_labs/led_ip_1.0/led_ip_1.0'.
INFO: [IP_Flow 19-2313] Loaded Vivado IP repository 'C:/Xilinx/Vivado/2017.2/data/ip'.
WARNING: [IP_Flow 19-3664] IP 'system_processing_system7_0_0' generated file not found 'c:/ERTS_miniproject/E19_Embedded/MiniProject/MiniProject.srcs/sources_1/bd/system/ip/system_processing_system7_0_0/sim/libps7.so'. Please regenerate to continue.
WARNING: [IP_Flow 19-3664] IP 'system_processing_system7_0_0' generated file not found 'c:/ERTS_miniproject/E19_Embedded/MiniProject/MiniProject.srcs/sources_1/bd/system/ip/system_processing_system7_0_0/sim/libps7.dll'. Please regenerate to continue.
WARNING: [IP_Flow 19-3664] IP 'system_processing_system7_0_0' generated file not found 'c:/ERTS_miniproject/E19_Embedded/MiniProject/MiniProject.srcs/sources_1/bd/system/ip/system_processing_system7_0_0/sim/libremoteport.so'. Please regenerate to continue.
WARNING: [IP_Flow 19-3664] IP 'system_processing_system7_0_0' generated file not found 'c:/ERTS_miniproject/E19_Embedded/MiniProject/MiniProject.srcs/sources_1/bd/system/ip/system_processing_system7_0_0/sim/libremoteport.dll'. Please regenerate to continue.
open_project: Time (s): cpu = 00:00:13 ; elapsed = 00:00:07 . Memory (MB): peak = 844.043 ; gain = 59.754
update_compile_order -fileset sources_1
launch_sdk -workspace C:/ERTS_miniproject/E19_Embedded/MiniProject/MiniProject.sdk -hwspec C:/ERTS_miniproject/E19_Embedded/MiniProject/MiniProject.sdk/system_wrapper.hdf
INFO: [Vivado 12-393] Launching SDK...
INFO: [Vivado 12-417] Running xsdk -workspace C:/ERTS_miniproject/E19_Embedded/MiniProject/MiniProject.sdk -hwspec C:/ERTS_miniproject/E19_Embedded/MiniProject/MiniProject.sdk/system_wrapper.hdf
INFO: [Vivado 12-3157] SDK launch initiated. Please check console for any further messages.
launch_sdk -workspace C:/ERTS_miniproject/E19_Embedded/MiniProject/MiniProject.sdk -hwspec C:/ERTS_miniproject/E19_Embedded/MiniProject/MiniProject.sdk/system_wrapper.hdf
INFO: [Vivado 12-393] Launching SDK...
INFO: [Vivado 12-417] Running xsdk -workspace C:/ERTS_miniproject/E19_Embedded/MiniProject/MiniProject.sdk -hwspec C:/ERTS_miniproject/E19_Embedded/MiniProject/MiniProject.sdk/system_wrapper.hdf
INFO: [Vivado 12-3157] SDK launch initiated. Please check console for any further messages.
reset_run synth_1
launch_runs impl_1 -to_step write_bitstream -jobs 4
[Sun Oct 27 11:29:19 2019] Launched synth_1...
Run output will be captured here: C:/ERTS_miniproject/E19_Embedded/MiniProject/MiniProject.runs/synth_1/runme.log
[Sun Oct 27 11:29:19 2019] Launched impl_1...
Run output will be captured here: C:/ERTS_miniproject/E19_Embedded/MiniProject/MiniProject.runs/impl_1/runme.log
file copy -force C:/ERTS_miniproject/E19_Embedded/MiniProject/MiniProject.runs/impl_1/system_wrapper.sysdef C:/ERTS_miniproject/E19_Embedded/MiniProject/MiniProject.sdk/system_wrapper.hdf

launch_sdk -workspace C:/ERTS_miniproject/E19_Embedded/MiniProject/MiniProject.sdk -hwspec C:/ERTS_miniproject/E19_Embedded/MiniProject/MiniProject.sdk/system_wrapper.hdf
INFO: [Vivado 12-393] Launching SDK...
INFO: [Vivado 12-417] Running xsdk -workspace C:/ERTS_miniproject/E19_Embedded/MiniProject/MiniProject.sdk -hwspec C:/ERTS_miniproject/E19_Embedded/MiniProject/MiniProject.sdk/system_wrapper.hdf
INFO: [Vivado 12-3157] SDK launch initiated. Please check console for any further messages.
