#-----------------------------------------------------------
# Vivado v2017.2 (64-bit)
# SW Build 1909853 on Thu Jun 15 18:39:09 MDT 2017
# IP Build 1909766 on Thu Jun 15 19:58:00 MDT 2017
# Start of session at: Fri Dec 20 21:03:18 2019
# Process ID: 18672
# Current directory: C:/master/EmbeddedPRJ/MiniProject
# Command line: vivado.exe -gui_launcher_event rodinguilauncherevent8632 C:\master\EmbeddedPRJ\MiniProject\MiniProject.xpr
# Log file: C:/master/EmbeddedPRJ/MiniProject/vivado.log
# Journal file: C:/master/EmbeddedPRJ/MiniProject\vivado.jou
#-----------------------------------------------------------
start_gui
open_project C:/master/EmbeddedPRJ/MiniProject/MiniProject.xpr
INFO: [Project 1-313] Project file moved from 'C:/ERTS_miniproject/E19_Embedded/MiniProject' since last save.
Scanning sources...
Finished scanning sources
WARNING: [filemgmt 56-3] IP Repository Path: Could not find the directory 'C:/Users/tenna/Documents/Computerteknologi/E19/EmbeddedRealTimeSystems/Assignment_2/EmbeddedSystem_labs/led_ip_1.0/led_ip_1.0'.
INFO: [IP_Flow 19-234] Refreshing IP repositories
WARNING: [IP_Flow 19-2248] Failed to load user IP repository 'c:/Users/tenna/Documents/Computerteknologi/E19/EmbeddedRealTimeSystems/Assignment_2/EmbeddedSystem_labs/led_ip_1.0/led_ip_1.0'; Can't find the specified path.
If this directory should no longer be in your list of user repositories, go to the IP Settings dialog and remove it.
INFO: [IP_Flow 19-2313] Loaded Vivado IP repository 'C:/Xilinx/Vivado/2017.2/data/ip'.
WARNING: [IP_Flow 19-3664] IP 'system_processing_system7_0_0' generated file not found 'c:/master/EmbeddedPRJ/MiniProject/MiniProject.srcs/sources_1/bd/system/ip/system_processing_system7_0_0/sim/libps7.so'. Please regenerate to continue.
WARNING: [IP_Flow 19-3664] IP 'system_processing_system7_0_0' generated file not found 'c:/master/EmbeddedPRJ/MiniProject/MiniProject.srcs/sources_1/bd/system/ip/system_processing_system7_0_0/sim/libps7.dll'. Please regenerate to continue.
WARNING: [IP_Flow 19-3664] IP 'system_processing_system7_0_0' generated file not found 'c:/master/EmbeddedPRJ/MiniProject/MiniProject.srcs/sources_1/bd/system/ip/system_processing_system7_0_0/sim/libremoteport.so'. Please regenerate to continue.
WARNING: [IP_Flow 19-3664] IP 'system_processing_system7_0_0' generated file not found 'c:/master/EmbeddedPRJ/MiniProject/MiniProject.srcs/sources_1/bd/system/ip/system_processing_system7_0_0/sim/libremoteport.dll'. Please regenerate to continue.
INFO: [Common 17-41] Interrupt caught. Command should exit soon.
ERROR: [BD 41-69] Error sourcing TCL script: 
    while executing
"namespace eval ::xilinx.com_ip_aximm_1.0 { source -notrace {C:/Xilinx/Vivado/2017.2/data/rsb/busdef/AXIMM/busdef.tcl} }"
ERROR: [BD 41-69] Error sourcing TCL script: 
    while executingupdate_compile_order -fileset sources_1
exit
INFO: [Common 17-206] Exiting Vivado at Fri Dec 20 21:04:37 2019...
ilinx.com_ip_clock_signal_1.0" script line 1)
    invoked from within
"namespace eval ::xilinx.com_ip_clock_signal_1.0 { source -notrace {C:/Xilinx/Vivado/2017.2/data/rsb/busdef/clock_signal/busdef.tcl} }"
WARNING: [BD 41-1661] One or more IPs have been locked in the design 'system.bd'. Please run report_ip_status for more details and recommendations on how to fix this issue.
List of locked IPs:
system_led_ip_0_0

INFO: [Common 17-344] 'open_project' was cancelled
exit
INFO: [Common 17-206] Exiting Vivado at Fri Dec 20 21:03:51 2019...
