#-----------------------------------------------------------
# Vivado v2017.2 (64-bit)
# SW Build 1909853 on Thu Jun 15 18:39:09 MDT 2017
# IP Build 1909766 on Thu Jun 15 19:58:00 MDT 2017
# Start of session at: Sun Oct 27 13:02:29 2019
# Process ID: 7840
# Current directory: C:/master/EmbeddedPRJ/MiniProject
# Command line: vivado.exe -gui_launcher_event rodinguilauncherevent1084 C:\master\EmbeddedPRJ\MiniProject\MiniProject.xpr
# Log file: C:/master/EmbeddedPRJ/MiniProject/vivado.log
# Journal file: C:/master/EmbeddedPRJ/MiniProject\vivado.jou
#-----------------------------------------------------------
start_gui
open_project C:/master/EmbeddedPRJ/MiniProject/MiniProject.xpr
INFO: [Project 1-313] Project file moved from 'C:/ERTS_miniproject/E19_Embedded/MiniProject' since last save.
Scanning sources...
Finished scanning sources
WARNING: [filemgmt 56-3] IP Repository Path: Could not find the directory 'C:/Users/tenna/Documents/Computerteknologi/E19/EmbeddedRealTimeSystems/Assignment_2/EmbeddedSystem_labs/led_ip_1.0/led_ip_1.0'.
INFO: [IP_Flow 19-234] Refreshing IP repositories
WARNING: [IP_Flow 19-2248] Failed to load user IP repository 'c:/Users/tenna/Documents/Computerteknologi/E19/EmbeddedRealTimeSystems/Assignment_2/EmbeddedSystem_labs/led_ip_1.0/led_ip_1.0'; Can't find the specified path.
If this directory should no longer be in your list of user repositories, go to the IP Settings dialog and remove it.
INFO: [IP_Flow 19-2313] Loaded Vivado IP repository 'C:/Xilinx/Vivado/2017.2/data/ip'.
WARNING: [IP_Flow 19-3664] IP 'system_processing_system7_0_0' generated file not found 'c:/master/EmbeddedPRJ/MiniProject/MiniProject.srcs/sources_1/bd/system/ip/system_processing_system7_0_0/sim/libps7.so'. Please regenerate to continue.
WARNING: [IP_Flow 19-3664] IP 'system_processing_system7_0_0' generated file not found 'c:/master/EmbeddedPRJ/MiniProject/MiniProject.srcs/sources_1/bd/system/ip/system_processing_system7_0_0/sim/libps7.dll'. Please regenerate to continue.
WARNING: [IP_Flow 19-3664] IP 'system_processing_system7_0_0' generated file not found 'c:/master/EmbeddedPRJ/MiniProject/MiniProject.srcs/sources_1/bd/system/ip/system_processing_system7_0_0/sim/libremoteport.so'. Please regenerate to continue.
WARNING: [IP_Flow 19-3664] IP 'system_processing_system7_0_0' generated file not found 'c:/master/EmbeddedPRJ/MiniProject/MiniProject.srcs/sources_1/bd/system/ip/system_processing_system7_0_0/sim/libremoteport.dll'. Please regenerate to continue.
WARNING: [BD 41-1661] One or more IPs have been locked in the design 'system.bd'. Please run report_ip_status for more details and recommendations on how to fix this issue.
List of locked IPs:
system_led_ip_0_0

open_project: Time (s): cpu = 00:00:24 ; elapsed = 00:00:11 . Memory (MB): peak = 908.293 ; gain = 167.539
update_compile_order -fileset sources_1
launch_sdk -workspace C:/master/EmbeddedPRJ/MiniProject/MiniProject.sdk -hwspec C:/master/EmbeddedPRJ/MiniProject/MiniProject.sdk/system_wrapper.hdf
INFO: [Vivado 12-393] Launching SDK...
INFO: [Vivado 12-417] Running xsdk -workspace C:/master/EmbeddedPRJ/MiniProject/MiniProject.sdk -hwspec C:/master/EmbeddedPRJ/MiniProject/MiniProject.sdk/system_wrapper.hdf
INFO: [Vivado 12-3157] SDK launch initiated. Please check console for any further messages.
exit
INFO: [Common 17-206] Exiting Vivado at Sun Oct 27 15:58:07 2019...
