#-----------------------------------------------------------
# Webtalk v2017.2 (64-bit)
# SW Build 1909853 on Thu Jun 15 18:39:09 MDT 2017
# 
# Start of session at: Mon Dec 16 17:32:13 2019
# Process ID: 17740
# Current directory: C:/master/Embedded/sandbox/SDcardExample/SDcardExample.sdk/webtalk
# Command line: wbtcv.exe -mode batch -source sdk_webtalk.tcl
# Log file: C:/master/Embedded/sandbox/SDcardExample/SDcardExample.sdk/webtalk/webtalk.log
# Journal file: C:/master/Embedded/sandbox/SDcardExample/SDcardExample.sdk/webtalk\webtalk.jou
#-----------------------------------------------------------
source sdk_webtalk.tcl
# webtalk_init -webtalk_dir C:\\master\\Embedded\\sandbox\\SDcardExample\\SDcardExample.sdk\\webtalk
# webtalk_register_client -client project
# webtalk_add_data -client project -key date_generated -value "2019-12-16 17:32:12" -context "software_version_and_target_device"
# webtalk_add_data -client project -key product_version -value "SDK v2017.2" -context "software_version_and_target_device"
# webtalk_add_data -client project -key build_version -value "2017.2" -context "software_version_and_target_device"
# webtalk_add_data -client project -key os_platform -value "amd64" -context "software_version_and_target_device"
# webtalk_add_data -client project -key registration_id -value "" -context "software_version_and_target_device"
# webtalk_add_data -client project -key tool_flow -value "SDK" -context "software_version_and_target_device"
# webtalk_add_data -client project -key beta -value "false" -context "software_version_and_target_device"
# webtalk_add_data -client project -key route_design -value "NA" -context "software_version_and_target_device"
# webtalk_add_data -client project -key target_family -value "NA" -context "software_version_and_target_device"
# webtalk_add_data -client project -key target_device -value "NA" -context "software_version_and_target_device"
# webtalk_add_data -client project -key target_package -value "NA" -context "software_version_and_target_device"
# webtalk_add_data -client project -key target_speed -value "NA" -context "software_version_and_target_device"
# webtalk_add_data -client project -key random_id -value "e2srutci42tl15v6pg50nqo2qc" -context "software_version_and_target_device"
# webtalk_add_data -client project -key project_id -value "2017.2_12" -context "software_version_and_target_device"
# webtalk_add_data -client project -key project_iteration -value "12" -context "software_version_and_target_device"
# webtalk_add_data -client project -key os_name -value "Microsoft Windows 8 or later , 64-bit" -context "user_environment"
# webtalk_add_data -client project -key os_release -value "major release  (build 9200)" -context "user_environment"
# webtalk_add_data -client project -key cpu_name -value "Intel(R) Core(TM) i7-8650U CPU @ 1.90GHz" -context "user_environment"
# webtalk_add_data -client project -key cpu_speed -value "2112 MHz" -context "user_environment"
# webtalk_add_data -client project -key total_processors -value "1" -context "user_environment"
# webtalk_add_data -client project -key system_ram -value "17.000 GB" -context "user_environment"
# webtalk_register_client -client sdk
# webtalk_add_data -client sdk -key uid -value "1576503108683" -context "sdk\\\\hardware/1576503108683"
# webtalk_add_data -client sdk -key isZynq -value "true" -context "sdk\\\\hardware/1576503108683"
# webtalk_add_data -client sdk -key isZynqMP -value "false" -context "sdk\\\\hardware/1576503108683"
# webtalk_add_data -client sdk -key Processors -value "2" -context "sdk\\\\hardware/1576503108683"
# webtalk_add_data -client sdk -key VivadoVersion -value "2017.2" -context "sdk\\\\hardware/1576503108683"
# webtalk_add_data -client sdk -key Arch -value "zynq" -context "sdk\\\\hardware/1576503108683"
# webtalk_add_data -client sdk -key Device -value "7z010" -context "sdk\\\\hardware/1576503108683"
# webtalk_add_data -client sdk -key IsHandoff -value "true" -context "sdk\\\\hardware/1576503108683"
# webtalk_add_data -client sdk -key os -value "NA" -context "sdk\\\\hardware/1576503108683"
# webtalk_add_data -client sdk -key apptemplate -value "NA" -context "sdk\\\\hardware/1576503108683"
# webtalk_add_data -client sdk -key RecordType -value "HWCreation" -context "sdk\\\\hardware/1576503108683"
# webtalk_add_data -client sdk -key uid -value "1576503165100" -context "sdk\\\\bsp/1576503165100"
# webtalk_add_data -client sdk -key hwid -value "1576503108683" -context "sdk\\\\bsp/1576503165100"
# webtalk_add_data -client sdk -key os -value "standalone" -context "sdk\\\\bsp/1576503165100"
# webtalk_add_data -client sdk -key apptemplate -value "empty_application" -context "sdk\\\\bsp/1576503165100"
# webtalk_add_data -client sdk -key RecordType -value "BSPCreation" -context "sdk\\\\bsp/1576503165100"
# webtalk_add_data -client sdk -key uid -value "1576503167651" -context "sdk\\\\application/1576503167651"
# webtalk_add_data -client sdk -key hwid -value "1576503108683" -context "sdk\\\\application/1576503167651"
# webtalk_add_data -client sdk -key bspid -value "1576503165100" -context "sdk\\\\application/1576503167651"
# webtalk_add_data -client sdk -key newbsp -value "true" -context "sdk\\\\application/1576503167651"
# webtalk_add_data -client sdk -key os -value "standalone" -context "sdk\\\\application/1576503167651"
# webtalk_add_data -client sdk -key apptemplate -value "empty_application" -context "sdk\\\\application/1576503167651"
# webtalk_add_data -client sdk -key RecordType -value "APPCreation" -context "sdk\\\\application/1576503167651"
# webtalk_add_data -client sdk -key LangUsed -value "C" -context "sdk\\\\application/1576503167651"
# webtalk_add_data -client sdk -key Procused -value "ps7_cortexa9" -context "sdk\\\\application/1576503167651"
# webtalk_add_data -client sdk -key projSize -value "220.81640625" -context "sdk\\\\application/1576503167651"
# webtalk_add_data -client sdk -key uid -value "1576510203724" -context "sdk\\\\bsp/1576510203724"
# webtalk_add_data -client sdk -key hwid -value "1576503108683" -context "sdk\\\\bsp/1576510203724"
# webtalk_add_data -client sdk -key os -value "standalone" -context "sdk\\\\bsp/1576510203724"
# webtalk_add_data -client sdk -key apptemplate -value "empty_application" -context "sdk\\\\bsp/1576510203724"
# webtalk_add_data -client sdk -key RecordType -value "BSPCreation" -context "sdk\\\\bsp/1576510203724"
# webtalk_add_data -client sdk -key uid -value "1576510205543" -context "sdk\\\\application/1576510205543"
# webtalk_add_data -client sdk -key hwid -value "1576503108683" -context "sdk\\\\application/1576510205543"
# webtalk_add_data -client sdk -key bspid -value "1576510203724" -context "sdk\\\\application/1576510205543"
# webtalk_add_data -client sdk -key newbsp -value "true" -context "sdk\\\\application/1576510205543"
# webtalk_add_data -client sdk -key os -value "standalone" -context "sdk\\\\application/1576510205543"
# webtalk_add_data -client sdk -key apptemplate -value "empty_application" -context "sdk\\\\application/1576510205543"
# webtalk_add_data -client sdk -key RecordType -value "APPCreation" -context "sdk\\\\application/1576510205543"
# webtalk_add_data -client sdk -key LangUsed -value "CPP" -context "sdk\\\\application/1576510205543"
# webtalk_add_data -client sdk -key Procused -value "ps7_cortexa9" -context "sdk\\\\application/1576510205543"
# webtalk_add_data -client sdk -key projSize -value "322.02734375" -context "sdk\\\\application/1576510205543"
# webtalk_add_data -client sdk -key uid -value "NA" -context "sdk\\\\bsp/1576513932284"
# webtalk_add_data -client sdk -key RecordType -value "ToolUsage" -context "sdk\\\\bsp/1576513932284"
# webtalk_add_data -client sdk -key BootgenCount -value "0" -context "sdk\\\\bsp/1576513932284"
# webtalk_add_data -client sdk -key DebugCount -value "17" -context "sdk\\\\bsp/1576513932284"
# webtalk_add_data -client sdk -key PerfCount -value "0" -context "sdk\\\\bsp/1576513932284"
# webtalk_add_data -client sdk -key FlashCount -value "0" -context "sdk\\\\bsp/1576513932284"
# webtalk_add_data -client sdk -key CrossTriggCount -value "0" -context "sdk\\\\bsp/1576513932284"
# webtalk_add_data -client sdk -key QemuDebugCount -value "0" -context "sdk\\\\bsp/1576513932284"
# webtalk_transmit -clientid 4215099138 -regid "" -xml C:\\master\\Embedded\\sandbox\\SDcardExample\\SDcardExample.sdk\\webtalk\\usage_statistics_ext_sdk.xml -html C:\\master\\Embedded\\sandbox\\SDcardExample\\SDcardExample.sdk\\webtalk\\usage_statistics_ext_sdk.html -wdm C:\\master\\Embedded\\sandbox\\SDcardExample\\SDcardExample.sdk\\webtalk\\sdk_webtalk.wdm -intro "<H3>SDK Usage Report</H3><BR>"
# webtalk_terminate
INFO: [Common 17-206] Exiting Webtalk at Mon Dec 16 17:33:22 2019...
