INFO: [XSIM 43-3496] Using init file passed via -initfile option "C:/Xilinx/Vivado/2017.2/data/xsim/ip/xsim_ip.ini".
Vivado Simulator 2017.2
Copyright 1986-1999, 2001-2016 Xilinx, Inc. All Rights Reserved.
Running: C:/Xilinx/Vivado/2017.2/bin/unwrapped/win64.o/xelab.exe xil_defaultlib.apatb_convolution_top -prj convolution.prj -L axi_protocol_checker_v1_1_12 -L axi_protocol_checker_v1_1_13 -L axis_protocol_checker_v1_1_11 -L axis_protocol_checker_v1_1_12 --initfile C:/Xilinx/Vivado/2017.2/data/xsim/ip/xsim_ip.ini --lib ieee_proposed=./ieee_proposed -s convolution 
Multi-threading is on. Using 6 slave threads.
Determining compilation order of HDL files.
INFO: [VRFC 10-163] Analyzing VHDL file "C:/master/EmbeddedPRJ2/E19_Embedded/convolution.prj/solution1/sim/vhdl/AESL_sim_pkg.vhd" into library xil_defaultlib
INFO: [VRFC 10-163] Analyzing VHDL file "C:/master/EmbeddedPRJ2/E19_Embedded/convolution.prj/solution1/sim/vhdl/AESL_automem_k.vhd" into library xil_defaultlib
INFO: [VRFC 10-307] analyzing entity AESL_automem_k
INFO: [VRFC 10-163] Analyzing VHDL file "C:/master/EmbeddedPRJ2/E19_Embedded/convolution.prj/solution1/sim/vhdl/AESL_automem_wdw.vhd" into library xil_defaultlib
INFO: [VRFC 10-307] analyzing entity AESL_automem_wdw
INFO: [VRFC 10-163] Analyzing VHDL file "C:/master/EmbeddedPRJ2/E19_Embedded/convolution.prj/solution1/sim/vhdl/convolution.autotb.vhd" into library xil_defaultlib
INFO: [VRFC 10-307] analyzing entity apatb_convolution_top
INFO: [VRFC 10-163] Analyzing VHDL file "C:/master/EmbeddedPRJ2/E19_Embedded/convolution.prj/solution1/sim/vhdl/convolution.vhd" into library xil_defaultlib
INFO: [VRFC 10-307] analyzing entity convolution
INFO: [VRFC 10-163] Analyzing VHDL file "C:/master/EmbeddedPRJ2/E19_Embedded/convolution.prj/solution1/sim/vhdl/convolution_mul_3bkb.vhd" into library xil_defaultlib
INFO: [VRFC 10-307] analyzing entity convolution_mul_3bkb_MulnS_0
INFO: [VRFC 10-307] analyzing entity convolution_mul_3bkb
Starting static elaboration
Completed static elaboration
Starting simulation data flow analysis
Completed simulation data flow analysis
Time Resolution for simulation is 1ps
Compiling package std.standard
Compiling package std.textio
Compiling package ieee.std_logic_1164
Compiling package ieee.std_logic_arith
Compiling package ieee.std_logic_unsigned
Compiling package ieee.numeric_std
Compiling package ieee.std_logic_textio
Compiling architecture behav of entity xil_defaultlib.convolution_mul_3bkb_MulnS_0 [convolution_mul_3bkb_mulns_0_def...]
Compiling architecture arch of entity xil_defaultlib.convolution_mul_3bkb [\convolution_mul_3bkb(id=1,num_s...]
Compiling architecture behav of entity xil_defaultlib.convolution [convolution_default]
Compiling architecture behav of entity xil_defaultlib.AESL_automem_k [aesl_automem_k_default]
Compiling architecture behav of entity xil_defaultlib.AESL_automem_wdw [aesl_automem_wdw_default]
Compiling architecture behav of entity xil_defaultlib.apatb_convolution_top
Built simulation snapshot convolution
