#-----------------------------------------------------------
# xsim v2017.2 (64-bit)
# SW Build 1909853 on Thu Jun 15 18:39:09 MDT 2017
# IP Build 1909766 on Thu Jun 15 19:58:00 MDT 2017
# Start of session at: Sun Jan  5 13:20:19 2020
# Process ID: 11512
# Current directory: C:/master/EmbeddedPRJ2/E19_Embedded/convolution.prj/solution1/sim/vhdl
# Command line: xsim.exe -mode tcl -source {xsim.dir/convolution/xsim_script.tcl}
# Log file: C:/master/EmbeddedPRJ2/E19_Embedded/convolution.prj/solution1/sim/vhdl/xsim.log
# Journal file: C:/master/EmbeddedPRJ2/E19_Embedded/convolution.prj/solution1/sim/vhdl\xsim.jou
#-----------------------------------------------------------
source xsim.dir/convolution/xsim_script.tcl
# xsim {convolution} -autoloadwcfg -tclbatch {convolution.tcl}
Vivado Simulator 2017.2
Time resolution is 1 ps
source convolution.tcl
## run all
Note: simulation done!
Time: 580 ns  Iteration: 1  Process: /apatb_convolution_top/generate_sim_done_proc  File: C:/master/EmbeddedPRJ2/E19_Embedded/convolution.prj/solution1/sim/vhdl/convolution.autotb.vhd
Failure: NORMAL EXIT (note: failure is to force the simulator to stop)
Time: 580 ns  Iteration: 1  Process: /apatb_convolution_top/generate_sim_done_proc  File: C:/master/EmbeddedPRJ2/E19_Embedded/convolution.prj/solution1/sim/vhdl/convolution.autotb.vhd
$finish called at time : 580 ns
## quit
INFO: [Common 17-206] Exiting xsim at Sun Jan  5 13:20:24 2020...
