Unable to capture context for thread 11688 in process 27300, can not generate back trace
Unable to capture context for thread 28696 in process 27300, can not generate back trace
Exception at PC 0x00007FFFFEB2BB93
Printing stacktrace...

[0]  [0x00007FFFFEB2BB93]
[1]  [0x00007FFFFEB2BB93]
[2]  [0x00007FFFFEB2B4A1]
[3]  [0x00007FFFFEB2B3EF]
[4]  [0x00007FFFFEB119FE]
[5]  [0x00007FFFFEB10ED1]
[6]  [0x00007FFFFEB10D76]
[7]  [0x00007FFFFEAB79F6]
[8]  [0x00007FFFFEAA7AFB]
[9]  [0x00007FFFFEBCE90A]
[10]  [0x00007FFFFEBE9F87]
[11]  [0x00007FFFFEBEA05F]
[12] (BaseThreadInitThunk+0x14) [0x00007FF887DA7BD4]
[13] (RtlUserThreadStart+0x21) [0x00007FF88836CED1]
Done
Exception at PC 0x00007FFFFE831A52
Attemped to write at address 0x00007FF83291ABA4
Printing stacktrace...

[0]  [0x00007FFFFE831A52]
[1]  [0x00007FFFFE831A52]
[2]  [0x00007FFFFE831AD4]
[3]  [0x00007FFFFE973FF7]
[4]  [0x00007FFFFE859128]
[5]  [0x00007FFFFEB0DFB9]
[6]  [0x00007FFFFECDEF23]
[7]  [0x00007FFFFEBEB06B]
[8]  [0x00007FFFFEBE08AF]
[9]  [0x00007FFFFEBE0A32]
[10] (RtlActivateActivationContextUnsafeFast+0x121) [0x00007FF8883250A1]
[11] (LdrShutdownProcess+0x132) [0x00007FF88836AB02]
[12] (RtlExitUserProcess+0xad) [0x00007FF88836A9AD]
[13] (ExitProcess+0xa) [0x00007FF887DACD8A]
[14] (exit+0x85) [0x00007FF887A7A245]
[15] (initterm_e+0x245) [0x00007FF887A7A8B5]
[16]  [0x00000000004014CD]
[17]  [0x000000000040151B]
[18] (BaseThreadInitThunk+0x14) [0x00007FF887DA7BD4]
[19] (RtlUserThreadStart+0x21) [0x00007FF88836CED1]
Done
