
*** Running vivado
    with args -log solution_rst_Processor_100M_0.vds -m64 -product Vivado -mode batch -messageDb vivado.pb -notrace -source solution_rst_Processor_100M_0.tcl


****** Vivado v2017.2 (64-bit)
  **** SW Build 1909853 on Thu Jun 15 18:39:09 MDT 2017
  **** IP Build 1909766 on Thu Jun 15 19:58:00 MDT 2017
    ** Copyright 1986-2017 Xilinx, Inc. All Rights Reserved.

source solution_rst_Processor_100M_0.tcl -notrace
Starting RTL Elaboration : Time (s): cpu = 00:00:07 ; elapsed = 00:00:09 . Memory (MB): peak = 305.402 ; gain = 78.414
INFO: [Synth 8-638] synthesizing module 'solution_rst_Processor_100M_0' [c:/master/EmbeddedPRJ/MiniProjectCPP/MiniProjectCPP.srcs/sources_1/bd/solution/ip/solution_rst_Processor_100M_0/synth/solution_rst_Processor_100M_0.vhd:74]
INFO: [Synth 8-638] synthesizing module 'proc_sys_reset' [c:/master/EmbeddedPRJ/MiniProjectCPP/MiniProjectCPP.srcs/sources_1/bd/solution/ipshared/5db7/hdl/proc_sys_reset_v5_0_vh_rfs.vhd:1323]
INFO: [Synth 8-638] synthesizing module 'lpf' [c:/master/EmbeddedPRJ/MiniProjectCPP/MiniProjectCPP.srcs/sources_1/bd/solution/ipshared/5db7/hdl/proc_sys_reset_v5_0_vh_rfs.vhd:816]
INFO: [Synth 8-638] synthesizing module 'SRL16' [C:/Xilinx/Vivado/2017.2/scripts/rt/data/unisim_comp.v:43657]
INFO: [Synth 8-256] done synthesizing module 'SRL16' (1#1) [C:/Xilinx/Vivado/2017.2/scripts/rt/data/unisim_comp.v:43657]
INFO: [Synth 8-638] synthesizing module 'cdc_sync' [c:/master/EmbeddedPRJ/MiniProjectCPP/MiniProjectCPP.srcs/sources_1/bd/solution/ipshared/52cb/hdl/lib_cdc_v1_0_rfs.vhd:106]
INFO: [Synth 8-256] done synthesizing module 'cdc_sync' (2#1) [c:/master/EmbeddedPRJ/MiniProjectCPP/MiniProjectCPP.srcs/sources_1/bd/solution/ipshared/52cb/hdl/lib_cdc_v1_0_rfs.vhd:106]
INFO: [Synth 8-256] done synthesizing module 'lpf' (3#1) [c:/master/EmbeddedPRJ/MiniProjectCPP/MiniProjectCPP.srcs/sources_1/bd/solution/ipshared/5db7/hdl/proc_sys_reset_v5_0_vh_rfs.vhd:816]
INFO: [Synth 8-638] synthesizing module 'sequence_psr' [c:/master/EmbeddedPRJ/MiniProjectCPP/MiniProjectCPP.srcs/sources_1/bd/solution/ipshared/5db7/hdl/proc_sys_reset_v5_0_vh_rfs.vhd:301]
INFO: [Synth 8-638] synthesizing module 'upcnt_n' [c:/master/EmbeddedPRJ/MiniProjectCPP/MiniProjectCPP.srcs/sources_1/bd/solution/ipshared/5db7/hdl/proc_sys_reset_v5_0_vh_rfs.vhd:125]
INFO: [Synth 8-256] done synthesizing module 'upcnt_n' (4#1) [c:/master/EmbeddedPRJ/MiniProjectCPP/MiniProjectCPP.srcs/sources_1/bd/solution/ipshared/5db7/hdl/proc_sys_reset_v5_0_vh_rfs.vhd:125]
INFO: [Synth 8-256] done synthesizing module 'sequence_psr' (5#1) [c:/master/EmbeddedPRJ/MiniProjectCPP/MiniProjectCPP.srcs/sources_1/bd/solution/ipshared/5db7/hdl/proc_sys_reset_v5_0_vh_rfs.vhd:301]
INFO: [Synth 8-256] done synthesizing module 'proc_sys_reset' (6#1) [c:/master/EmbeddedPRJ/MiniProjectCPP/MiniProjectCPP.srcs/sources_1/bd/solution/ipshared/5db7/hdl/proc_sys_reset_v5_0_vh_rfs.vhd:1323]
INFO: [Synth 8-256] done synthesizing module 'solution_rst_Processor_100M_0' (7#1) [c:/master/EmbeddedPRJ/MiniProjectCPP/MiniProjectCPP.srcs/sources_1/bd/solution/ip/solution_rst_Processor_100M_0/synth/solution_rst_Processor_100M_0.vhd:74]
Finished RTL Elaboration : Time (s): cpu = 00:00:09 ; elapsed = 00:00:11 . Memory (MB): peak = 346.730 ; gain = 119.742
Finished RTL Optimization Phase 1 : Time (s): cpu = 00:00:09 ; elapsed = 00:00:12 . Memory (MB): peak = 346.730 ; gain = 119.742
INFO: [Device 21-403] Loading part xc7z010clg400-1
Constraint Validation Runtime : Time (s): cpu = 00:00:00 ; elapsed = 00:00:00.022 . Memory (MB): peak = 648.695 ; gain = 0.000
Finished Constraint Validation : Time (s): cpu = 00:00:26 ; elapsed = 00:00:32 . Memory (MB): peak = 648.695 ; gain = 421.707
Finished Loading Part and Timing Information : Time (s): cpu = 00:00:26 ; elapsed = 00:00:32 . Memory (MB): peak = 648.695 ; gain = 421.707
Finished applying 'set_property' XDC Constraints : Time (s): cpu = 00:00:27 ; elapsed = 00:00:32 . Memory (MB): peak = 648.695 ; gain = 421.707
Finished RTL Optimization Phase 2 : Time (s): cpu = 00:00:27 ; elapsed = 00:00:32 . Memory (MB): peak = 648.695 ; gain = 421.707
Finished Cross Boundary and Area Optimization : Time (s): cpu = 00:00:28 ; elapsed = 00:00:33 . Memory (MB): peak = 648.695 ; gain = 421.707
Finished Applying XDC Timing Constraints : Time (s): cpu = 00:00:42 ; elapsed = 00:00:48 . Memory (MB): peak = 648.695 ; gain = 421.707
Finished Timing Optimization : Time (s): cpu = 00:00:42 ; elapsed = 00:00:48 . Memory (MB): peak = 648.695 ; gain = 421.707
Finished Technology Mapping : Time (s): cpu = 00:00:42 ; elapsed = 00:00:48 . Memory (MB): peak = 648.695 ; gain = 421.707
Finished IO Insertion : Time (s): cpu = 00:00:43 ; elapsed = 00:00:49 . Memory (MB): peak = 648.695 ; gain = 421.707
Finished Renaming Generated Instances : Time (s): cpu = 00:00:43 ; elapsed = 00:00:49 . Memory (MB): peak = 648.695 ; gain = 421.707
Finished Rebuilding User Hierarchy : Time (s): cpu = 00:00:43 ; elapsed = 00:00:49 . Memory (MB): peak = 648.695 ; gain = 421.707
Finished Renaming Generated Ports : Time (s): cpu = 00:00:43 ; elapsed = 00:00:49 . Memory (MB): peak = 648.695 ; gain = 421.707
Finished Handling Custom Attributes : Time (s): cpu = 00:00:43 ; elapsed = 00:00:49 . Memory (MB): peak = 648.695 ; gain = 421.707
Finished Renaming Generated Nets : Time (s): cpu = 00:00:43 ; elapsed = 00:00:49 . Memory (MB): peak = 648.695 ; gain = 421.707

Report Cell Usage: 
+------+------+------+
|      |Cell  |Count |
+------+------+------+
|1     |LUT1  |     5|
|2     |LUT2  |     9|
|3     |LUT3  |     1|
|4     |LUT4  |     6|
|5     |LUT5  |     3|
|6     |LUT6  |     1|
|7     |SRL16 |     1|
|8     |FDR   |     8|
|9     |FDRE  |    28|
|10    |FDSE  |     4|
+------+------+------+
Finished Writing Synthesis Report : Time (s): cpu = 00:00:43 ; elapsed = 00:00:49 . Memory (MB): peak = 648.695 ; gain = 421.707
synth_design: Time (s): cpu = 00:00:45 ; elapsed = 00:00:52 . Memory (MB): peak = 648.695 ; gain = 422.332
