
*** Running vivado
    with args -log system_processing_system7_0_0.vds -m64 -product Vivado -mode batch -messageDb vivado.pb -notrace -source system_processing_system7_0_0.tcl


****** Vivado v2017.2 (64-bit)
  **** SW Build 1909853 on Thu Jun 15 18:39:09 MDT 2017
  **** IP Build 1909766 on Thu Jun 15 19:58:00 MDT 2017
    ** Copyright 1986-2017 Xilinx, Inc. All Rights Reserved.

source system_processing_system7_0_0.tcl -notrace
Starting RTL Elaboration : Time (s): cpu = 00:00:07 ; elapsed = 00:00:07 . Memory (MB): peak = 318.801 ; gain = 79.469
INFO: [Synth 8-638] synthesizing module 'system_processing_system7_0_0' [c:/master/Embedded/sandbox/SDcardExample/SDcardExample.srcs/sources_1/bd/system/ip/system_processing_system7_0_0/synth/system_processing_system7_0_0.v:60]
INFO: [Synth 8-638] synthesizing module 'processing_system7_v5_5_processing_system7' [c:/master/Embedded/sandbox/SDcardExample/SDcardExample.srcs/sources_1/bd/system/ip/system_processing_system7_0_0/hdl/verilog/processing_system7_v5_5_processing_system7.v:162]
INFO: [Synth 8-638] synthesizing module 'BUFG' [C:/Xilinx/Vivado/2017.2/scripts/rt/data/unisim_comp.v:607]
INFO: [Synth 8-256] done synthesizing module 'BUFG' (1#1) [C:/Xilinx/Vivado/2017.2/scripts/rt/data/unisim_comp.v:607]
INFO: [Synth 8-638] synthesizing module 'BIBUF' [C:/Xilinx/Vivado/2017.2/scripts/rt/data/unisim_comp.v:268]
INFO: [Synth 8-256] done synthesizing module 'BIBUF' (2#1) [C:/Xilinx/Vivado/2017.2/scripts/rt/data/unisim_comp.v:268]
INFO: [Synth 8-638] synthesizing module 'PS7' [C:/Xilinx/Vivado/2017.2/scripts/rt/data/unisim_comp.v:33527]
INFO: [Synth 8-256] done synthesizing module 'PS7' (3#1) [C:/Xilinx/Vivado/2017.2/scripts/rt/data/unisim_comp.v:33527]
INFO: [Synth 8-256] done synthesizing module 'processing_system7_v5_5_processing_system7' (4#1) [c:/master/Embedded/sandbox/SDcardExample/SDcardExample.srcs/sources_1/bd/system/ip/system_processing_system7_0_0/hdl/verilog/processing_system7_v5_5_processing_system7.v:162]
INFO: [Synth 8-256] done synthesizing module 'system_processing_system7_0_0' (5#1) [c:/master/Embedded/sandbox/SDcardExample/SDcardExample.srcs/sources_1/bd/system/ip/system_processing_system7_0_0/synth/system_processing_system7_0_0.v:60]
Finished RTL Elaboration : Time (s): cpu = 00:00:10 ; elapsed = 00:00:11 . Memory (MB): peak = 359.879 ; gain = 120.547
Finished RTL Optimization Phase 1 : Time (s): cpu = 00:00:11 ; elapsed = 00:00:11 . Memory (MB): peak = 359.879 ; gain = 120.547
INFO: [Device 21-403] Loading part xc7z010clg400-1
Constraint Validation Runtime : Time (s): cpu = 00:00:00 ; elapsed = 00:00:00.075 . Memory (MB): peak = 584.059 ; gain = 0.000
Finished Constraint Validation : Time (s): cpu = 00:00:33 ; elapsed = 00:00:35 . Memory (MB): peak = 584.059 ; gain = 344.727
Finished Loading Part and Timing Information : Time (s): cpu = 00:00:33 ; elapsed = 00:00:35 . Memory (MB): peak = 584.059 ; gain = 344.727
Finished applying 'set_property' XDC Constraints : Time (s): cpu = 00:00:34 ; elapsed = 00:00:36 . Memory (MB): peak = 584.059 ; gain = 344.727
Finished RTL Optimization Phase 2 : Time (s): cpu = 00:00:35 ; elapsed = 00:00:37 . Memory (MB): peak = 584.059 ; gain = 344.727
Finished Cross Boundary and Area Optimization : Time (s): cpu = 00:00:36 ; elapsed = 00:00:38 . Memory (MB): peak = 584.059 ; gain = 344.727
Finished Applying XDC Timing Constraints : Time (s): cpu = 00:00:54 ; elapsed = 00:00:57 . Memory (MB): peak = 794.816 ; gain = 555.484
Finished Timing Optimization : Time (s): cpu = 00:00:54 ; elapsed = 00:00:57 . Memory (MB): peak = 810.910 ; gain = 571.578
Finished Technology Mapping : Time (s): cpu = 00:00:56 ; elapsed = 00:00:59 . Memory (MB): peak = 813.977 ; gain = 574.645
Finished IO Insertion : Time (s): cpu = 00:00:58 ; elapsed = 00:01:01 . Memory (MB): peak = 813.977 ; gain = 574.645
Finished Renaming Generated Instances : Time (s): cpu = 00:00:58 ; elapsed = 00:01:01 . Memory (MB): peak = 813.977 ; gain = 574.645
Finished Rebuilding User Hierarchy : Time (s): cpu = 00:00:58 ; elapsed = 00:01:01 . Memory (MB): peak = 813.977 ; gain = 574.645
Finished Renaming Generated Ports : Time (s): cpu = 00:00:58 ; elapsed = 00:01:01 . Memory (MB): peak = 813.977 ; gain = 574.645
Finished Handling Custom Attributes : Time (s): cpu = 00:00:58 ; elapsed = 00:01:01 . Memory (MB): peak = 813.977 ; gain = 574.645
Finished Renaming Generated Nets : Time (s): cpu = 00:00:58 ; elapsed = 00:01:01 . Memory (MB): peak = 813.977 ; gain = 574.645

Report Cell Usage: 
+------+------+------+
|      |Cell  |Count |
+------+------+------+
|1     |BIBUF |   130|
|2     |BUFG  |     1|
|3     |LUT1  |   112|
|4     |PS7   |     1|
+------+------+------+
Finished Writing Synthesis Report : Time (s): cpu = 00:00:58 ; elapsed = 00:01:01 . Memory (MB): peak = 813.977 ; gain = 574.645
synth_design: Time (s): cpu = 00:01:01 ; elapsed = 00:01:05 . Memory (MB): peak = 826.500 ; gain = 591.867
