
*** Running vivado
    with args -log solution_xbar_0.vds -m64 -product Vivado -mode batch -messageDb vivado.pb -notrace -source solution_xbar_0.tcl


****** Vivado v2017.2 (64-bit)
  **** SW Build 1909853 on Thu Jun 15 18:39:09 MDT 2017
  **** IP Build 1909766 on Thu Jun 15 19:58:00 MDT 2017
    ** Copyright 1986-2017 Xilinx, Inc. All Rights Reserved.

source solution_xbar_0.tcl -notrace
Starting RTL Elaboration : Time (s): cpu = 00:00:11 ; elapsed = 00:00:13 . Memory (MB): peak = 322.590 ; gain = 82.598
INFO: [Synth 8-638] synthesizing module 'solution_xbar_0' [c:/master/EmbeddedPRJ/MiniProjectCPP/MiniProjectCPP.srcs/sources_1/bd/solution/ip/solution_xbar_0/synth/solution_xbar_0.v:59]
INFO: [Synth 8-638] synthesizing module 'axi_crossbar_v2_1_14_axi_crossbar' [c:/master/EmbeddedPRJ/MiniProjectCPP/MiniProjectCPP.srcs/sources_1/bd/solution/ipshared/f582/hdl/axi_crossbar_v2_1_vl_rfs.v:4882]
INFO: [Synth 8-638] synthesizing module 'axi_crossbar_v2_1_14_crossbar_sasd' [c:/master/EmbeddedPRJ/MiniProjectCPP/MiniProjectCPP.srcs/sources_1/bd/solution/ipshared/f582/hdl/axi_crossbar_v2_1_vl_rfs.v:1240]
INFO: [Synth 8-638] synthesizing module 'axi_crossbar_v2_1_14_addr_decoder' [c:/master/EmbeddedPRJ/MiniProjectCPP/MiniProjectCPP.srcs/sources_1/bd/solution/ipshared/f582/hdl/axi_crossbar_v2_1_vl_rfs.v:794]
INFO: [Synth 8-638] synthesizing module 'generic_baseblocks_v2_1_0_comparator_static' [c:/master/EmbeddedPRJ/MiniProjectCPP/MiniProjectCPP.srcs/sources_1/bd/solution/ipshared/f9c1/hdl/generic_baseblocks_v2_1_vl_rfs.v:2133]
INFO: [Synth 8-638] synthesizing module 'generic_baseblocks_v2_1_0_carry_and' [c:/master/EmbeddedPRJ/MiniProjectCPP/MiniProjectCPP.srcs/sources_1/bd/solution/ipshared/f9c1/hdl/generic_baseblocks_v2_1_vl_rfs.v:62]
INFO: [Synth 8-256] done synthesizing module 'generic_baseblocks_v2_1_0_carry_and' (1#1) [c:/master/EmbeddedPRJ/MiniProjectCPP/MiniProjectCPP.srcs/sources_1/bd/solution/ipshared/f9c1/hdl/generic_baseblocks_v2_1_vl_rfs.v:62]
INFO: [Synth 8-256] done synthesizing module 'generic_baseblocks_v2_1_0_comparator_static' (2#1) [c:/master/EmbeddedPRJ/MiniProjectCPP/MiniProjectCPP.srcs/sources_1/bd/solution/ipshared/f9c1/hdl/generic_baseblocks_v2_1_vl_rfs.v:2133]
INFO: [Synth 8-638] synthesizing module 'generic_baseblocks_v2_1_0_comparator_static__parameterized0' [c:/master/EmbeddedPRJ/MiniProjectCPP/MiniProjectCPP.srcs/sources_1/bd/solution/ipshared/f9c1/hdl/generic_baseblocks_v2_1_vl_rfs.v:2133]
INFO: [Synth 8-256] done synthesizing module 'generic_baseblocks_v2_1_0_comparator_static__parameterized0' (2#1) [c:/master/EmbeddedPRJ/MiniProjectCPP/MiniProjectCPP.srcs/sources_1/bd/solution/ipshared/f9c1/hdl/generic_baseblocks_v2_1_vl_rfs.v:2133]
INFO: [Synth 8-256] done synthesizing module 'axi_crossbar_v2_1_14_addr_decoder' (3#1) [c:/master/EmbeddedPRJ/MiniProjectCPP/MiniProjectCPP.srcs/sources_1/bd/solution/ipshared/f582/hdl/axi_crossbar_v2_1_vl_rfs.v:794]
INFO: [Synth 8-638] synthesizing module 'axi_crossbar_v2_1_14_decerr_slave' [c:/master/EmbeddedPRJ/MiniProjectCPP/MiniProjectCPP.srcs/sources_1/bd/solution/ipshared/f582/hdl/axi_crossbar_v2_1_vl_rfs.v:3500]
INFO: [Synth 8-256] done synthesizing module 'axi_crossbar_v2_1_14_decerr_slave' (4#1) [c:/master/EmbeddedPRJ/MiniProjectCPP/MiniProjectCPP.srcs/sources_1/bd/solution/ipshared/f582/hdl/axi_crossbar_v2_1_vl_rfs.v:3500]
INFO: [Synth 8-638] synthesizing module 'axi_crossbar_v2_1_14_addr_arbiter_sasd' [c:/master/EmbeddedPRJ/MiniProjectCPP/MiniProjectCPP.srcs/sources_1/bd/solution/ipshared/f582/hdl/axi_crossbar_v2_1_vl_rfs.v:65]
INFO: [Synth 8-256] done synthesizing module 'axi_crossbar_v2_1_14_addr_arbiter_sasd' (5#1) [c:/master/EmbeddedPRJ/MiniProjectCPP/MiniProjectCPP.srcs/sources_1/bd/solution/ipshared/f582/hdl/axi_crossbar_v2_1_vl_rfs.v:65]
INFO: [Synth 8-638] synthesizing module 'axi_crossbar_v2_1_14_splitter' [c:/master/EmbeddedPRJ/MiniProjectCPP/MiniProjectCPP.srcs/sources_1/bd/solution/ipshared/f582/hdl/axi_crossbar_v2_1_vl_rfs.v:4459]
INFO: [Synth 8-256] done synthesizing module 'axi_crossbar_v2_1_14_splitter' (6#1) [c:/master/EmbeddedPRJ/MiniProjectCPP/MiniProjectCPP.srcs/sources_1/bd/solution/ipshared/f582/hdl/axi_crossbar_v2_1_vl_rfs.v:4459]
INFO: [Synth 8-638] synthesizing module 'axi_crossbar_v2_1_14_splitter__parameterized0' [c:/master/EmbeddedPRJ/MiniProjectCPP/MiniProjectCPP.srcs/sources_1/bd/solution/ipshared/f582/hdl/axi_crossbar_v2_1_vl_rfs.v:4459]
INFO: [Synth 8-256] done synthesizing module 'axi_crossbar_v2_1_14_splitter__parameterized0' (6#1) [c:/master/EmbeddedPRJ/MiniProjectCPP/MiniProjectCPP.srcs/sources_1/bd/solution/ipshared/f582/hdl/axi_crossbar_v2_1_vl_rfs.v:4459]
INFO: [Synth 8-638] synthesizing module 'generic_baseblocks_v2_1_0_mux_enc' [c:/master/EmbeddedPRJ/MiniProjectCPP/MiniProjectCPP.srcs/sources_1/bd/solution/ipshared/f9c1/hdl/generic_baseblocks_v2_1_vl_rfs.v:2452]
INFO: [Synth 8-256] done synthesizing module 'generic_baseblocks_v2_1_0_mux_enc' (7#1) [c:/master/EmbeddedPRJ/MiniProjectCPP/MiniProjectCPP.srcs/sources_1/bd/solution/ipshared/f9c1/hdl/generic_baseblocks_v2_1_vl_rfs.v:2452]
INFO: [Synth 8-638] synthesizing module 'generic_baseblocks_v2_1_0_mux_enc__parameterized0' [c:/master/EmbeddedPRJ/MiniProjectCPP/MiniProjectCPP.srcs/sources_1/bd/solution/ipshared/f9c1/hdl/generic_baseblocks_v2_1_vl_rfs.v:2452]
INFO: [Synth 8-256] done synthesizing module 'generic_baseblocks_v2_1_0_mux_enc__parameterized0' (7#1) [c:/master/EmbeddedPRJ/MiniProjectCPP/MiniProjectCPP.srcs/sources_1/bd/solution/ipshared/f9c1/hdl/generic_baseblocks_v2_1_vl_rfs.v:2452]
INFO: [Synth 8-638] synthesizing module 'generic_baseblocks_v2_1_0_mux_enc__parameterized1' [c:/master/EmbeddedPRJ/MiniProjectCPP/MiniProjectCPP.srcs/sources_1/bd/solution/ipshared/f9c1/hdl/generic_baseblocks_v2_1_vl_rfs.v:2452]
INFO: [Synth 8-256] done synthesizing module 'generic_baseblocks_v2_1_0_mux_enc__parameterized1' (7#1) [c:/master/EmbeddedPRJ/MiniProjectCPP/MiniProjectCPP.srcs/sources_1/bd/solution/ipshared/f9c1/hdl/generic_baseblocks_v2_1_vl_rfs.v:2452]
INFO: [Synth 8-638] synthesizing module 'axi_register_slice_v2_1_13_axic_register_slice' [c:/master/EmbeddedPRJ/MiniProjectCPP/MiniProjectCPP.srcs/sources_1/bd/solution/ipshared/55c0/hdl/axi_register_slice_v2_1_vl_rfs.v:85]
INFO: [Synth 8-256] done synthesizing module 'axi_register_slice_v2_1_13_axic_register_slice' (8#1) [c:/master/EmbeddedPRJ/MiniProjectCPP/MiniProjectCPP.srcs/sources_1/bd/solution/ipshared/55c0/hdl/axi_register_slice_v2_1_vl_rfs.v:85]
INFO: [Synth 8-638] synthesizing module 'generic_baseblocks_v2_1_0_mux_enc__parameterized2' [c:/master/EmbeddedPRJ/MiniProjectCPP/MiniProjectCPP.srcs/sources_1/bd/solution/ipshared/f9c1/hdl/generic_baseblocks_v2_1_vl_rfs.v:2452]
INFO: [Synth 8-256] done synthesizing module 'generic_baseblocks_v2_1_0_mux_enc__parameterized2' (8#1) [c:/master/EmbeddedPRJ/MiniProjectCPP/MiniProjectCPP.srcs/sources_1/bd/solution/ipshared/f9c1/hdl/generic_baseblocks_v2_1_vl_rfs.v:2452]
INFO: [Synth 8-256] done synthesizing module 'axi_crossbar_v2_1_14_crossbar_sasd' (9#1) [c:/master/EmbeddedPRJ/MiniProjectCPP/MiniProjectCPP.srcs/sources_1/bd/solution/ipshared/f582/hdl/axi_crossbar_v2_1_vl_rfs.v:1240]
INFO: [Synth 8-256] done synthesizing module 'axi_crossbar_v2_1_14_axi_crossbar' (10#1) [c:/master/EmbeddedPRJ/MiniProjectCPP/MiniProjectCPP.srcs/sources_1/bd/solution/ipshared/f582/hdl/axi_crossbar_v2_1_vl_rfs.v:4882]
INFO: [Synth 8-256] done synthesizing module 'solution_xbar_0' (11#1) [c:/master/EmbeddedPRJ/MiniProjectCPP/MiniProjectCPP.srcs/sources_1/bd/solution/ip/solution_xbar_0/synth/solution_xbar_0.v:59]
Finished RTL Elaboration : Time (s): cpu = 00:00:25 ; elapsed = 00:00:27 . Memory (MB): peak = 442.074 ; gain = 202.082
Finished RTL Optimization Phase 1 : Time (s): cpu = 00:00:25 ; elapsed = 00:00:27 . Memory (MB): peak = 442.074 ; gain = 202.082
INFO: [Device 21-403] Loading part xc7z010clg400-1
Constraint Validation Runtime : Time (s): cpu = 00:00:01 ; elapsed = 00:00:00.050 . Memory (MB): peak = 667.914 ; gain = 0.000
Finished Constraint Validation : Time (s): cpu = 00:00:43 ; elapsed = 00:00:47 . Memory (MB): peak = 667.914 ; gain = 427.922
Finished Loading Part and Timing Information : Time (s): cpu = 00:00:43 ; elapsed = 00:00:47 . Memory (MB): peak = 667.914 ; gain = 427.922
Finished applying 'set_property' XDC Constraints : Time (s): cpu = 00:00:43 ; elapsed = 00:00:47 . Memory (MB): peak = 667.914 ; gain = 427.922
Finished RTL Optimization Phase 2 : Time (s): cpu = 00:00:44 ; elapsed = 00:00:48 . Memory (MB): peak = 667.914 ; gain = 427.922
Finished Cross Boundary and Area Optimization : Time (s): cpu = 00:00:45 ; elapsed = 00:00:49 . Memory (MB): peak = 667.914 ; gain = 427.922
Finished Applying XDC Timing Constraints : Time (s): cpu = 00:01:07 ; elapsed = 00:01:14 . Memory (MB): peak = 667.914 ; gain = 427.922
Finished Timing Optimization : Time (s): cpu = 00:01:08 ; elapsed = 00:01:15 . Memory (MB): peak = 667.914 ; gain = 427.922
Finished Technology Mapping : Time (s): cpu = 00:01:08 ; elapsed = 00:01:15 . Memory (MB): peak = 667.914 ; gain = 427.922
Finished IO Insertion : Time (s): cpu = 00:01:10 ; elapsed = 00:01:16 . Memory (MB): peak = 667.914 ; gain = 427.922
Finished Renaming Generated Instances : Time (s): cpu = 00:01:10 ; elapsed = 00:01:16 . Memory (MB): peak = 667.914 ; gain = 427.922
Finished Rebuilding User Hierarchy : Time (s): cpu = 00:01:10 ; elapsed = 00:01:16 . Memory (MB): peak = 667.914 ; gain = 427.922
Finished Renaming Generated Ports : Time (s): cpu = 00:01:10 ; elapsed = 00:01:16 . Memory (MB): peak = 667.914 ; gain = 427.922
Finished Handling Custom Attributes : Time (s): cpu = 00:01:10 ; elapsed = 00:01:16 . Memory (MB): peak = 667.914 ; gain = 427.922
Finished Renaming Generated Nets : Time (s): cpu = 00:01:10 ; elapsed = 00:01:16 . Memory (MB): peak = 667.914 ; gain = 427.922

Report Cell Usage: 
+------+-----+------+
|      |Cell |Count |
+------+-----+------+
|1     |LUT1 |     2|
|2     |LUT2 |     8|
|3     |LUT3 |     6|
|4     |LUT4 |    85|
|5     |LUT5 |    18|
|6     |LUT6 |    47|
|7     |FDRE |   130|
+------+-----+------+
Finished Writing Synthesis Report : Time (s): cpu = 00:01:10 ; elapsed = 00:01:16 . Memory (MB): peak = 667.914 ; gain = 427.922
synth_design: Time (s): cpu = 00:01:14 ; elapsed = 00:01:21 . Memory (MB): peak = 667.914 ; gain = 432.555
