
*** Running vivado
    with args -log system_rst_ps7_0_100M_1.vds -m64 -product Vivado -mode batch -messageDb vivado.pb -notrace -source system_rst_ps7_0_100M_1.tcl


****** Vivado v2017.2 (64-bit)
  **** SW Build 1909853 on Thu Jun 15 18:39:09 MDT 2017
  **** IP Build 1909766 on Thu Jun 15 19:58:00 MDT 2017
    ** Copyright 1986-2017 Xilinx, Inc. All Rights Reserved.

source system_rst_ps7_0_100M_1.tcl -notrace
Starting RTL Elaboration : Time (s): cpu = 00:00:05 ; elapsed = 00:00:05 . Memory (MB): peak = 307.008 ; gain = 79.063
INFO: [Synth 8-638] synthesizing module 'system_rst_ps7_0_100M_1' [c:/master/Embedded/sandbox/SDcardExample/SDcardExample.srcs/sources_1/bd/system/ip/system_rst_ps7_0_100M_1/synth/system_rst_ps7_0_100M_1.vhd:74]
INFO: [Synth 8-638] synthesizing module 'proc_sys_reset' [c:/master/Embedded/sandbox/SDcardExample/SDcardExample.srcs/sources_1/bd/system/ipshared/5db7/hdl/proc_sys_reset_v5_0_vh_rfs.vhd:1323]
INFO: [Synth 8-638] synthesizing module 'lpf' [c:/master/Embedded/sandbox/SDcardExample/SDcardExample.srcs/sources_1/bd/system/ipshared/5db7/hdl/proc_sys_reset_v5_0_vh_rfs.vhd:816]
INFO: [Synth 8-638] synthesizing module 'SRL16' [C:/Xilinx/Vivado/2017.2/scripts/rt/data/unisim_comp.v:43657]
INFO: [Synth 8-256] done synthesizing module 'SRL16' (1#1) [C:/Xilinx/Vivado/2017.2/scripts/rt/data/unisim_comp.v:43657]
INFO: [Synth 8-638] synthesizing module 'cdc_sync' [c:/master/Embedded/sandbox/SDcardExample/SDcardExample.srcs/sources_1/bd/system/ipshared/52cb/hdl/lib_cdc_v1_0_rfs.vhd:106]
INFO: [Synth 8-256] done synthesizing module 'cdc_sync' (2#1) [c:/master/Embedded/sandbox/SDcardExample/SDcardExample.srcs/sources_1/bd/system/ipshared/52cb/hdl/lib_cdc_v1_0_rfs.vhd:106]
INFO: [Synth 8-256] done synthesizing module 'lpf' (3#1) [c:/master/Embedded/sandbox/SDcardExample/SDcardExample.srcs/sources_1/bd/system/ipshared/5db7/hdl/proc_sys_reset_v5_0_vh_rfs.vhd:816]
INFO: [Synth 8-638] synthesizing module 'sequence_psr' [c:/master/Embedded/sandbox/SDcardExample/SDcardExample.srcs/sources_1/bd/system/ipshared/5db7/hdl/proc_sys_reset_v5_0_vh_rfs.vhd:301]
INFO: [Synth 8-638] synthesizing module 'upcnt_n' [c:/master/Embedded/sandbox/SDcardExample/SDcardExample.srcs/sources_1/bd/system/ipshared/5db7/hdl/proc_sys_reset_v5_0_vh_rfs.vhd:125]
INFO: [Synth 8-256] done synthesizing module 'upcnt_n' (4#1) [c:/master/Embedded/sandbox/SDcardExample/SDcardExample.srcs/sources_1/bd/system/ipshared/5db7/hdl/proc_sys_reset_v5_0_vh_rfs.vhd:125]
INFO: [Synth 8-256] done synthesizing module 'sequence_psr' (5#1) [c:/master/Embedded/sandbox/SDcardExample/SDcardExample.srcs/sources_1/bd/system/ipshared/5db7/hdl/proc_sys_reset_v5_0_vh_rfs.vhd:301]
INFO: [Synth 8-256] done synthesizing module 'proc_sys_reset' (6#1) [c:/master/Embedded/sandbox/SDcardExample/SDcardExample.srcs/sources_1/bd/system/ipshared/5db7/hdl/proc_sys_reset_v5_0_vh_rfs.vhd:1323]
INFO: [Synth 8-256] done synthesizing module 'system_rst_ps7_0_100M_1' (7#1) [c:/master/Embedded/sandbox/SDcardExample/SDcardExample.srcs/sources_1/bd/system/ip/system_rst_ps7_0_100M_1/synth/system_rst_ps7_0_100M_1.vhd:74]
Finished RTL Elaboration : Time (s): cpu = 00:00:07 ; elapsed = 00:00:07 . Memory (MB): peak = 347.336 ; gain = 119.391
Finished RTL Optimization Phase 1 : Time (s): cpu = 00:00:07 ; elapsed = 00:00:07 . Memory (MB): peak = 347.336 ; gain = 119.391
INFO: [Device 21-403] Loading part xc7z010clg400-1
Constraint Validation Runtime : Time (s): cpu = 00:00:00 ; elapsed = 00:00:00.016 . Memory (MB): peak = 650.301 ; gain = 0.000
Finished Constraint Validation : Time (s): cpu = 00:00:19 ; elapsed = 00:00:20 . Memory (MB): peak = 650.301 ; gain = 422.355
Finished Loading Part and Timing Information : Time (s): cpu = 00:00:19 ; elapsed = 00:00:20 . Memory (MB): peak = 650.301 ; gain = 422.355
Finished applying 'set_property' XDC Constraints : Time (s): cpu = 00:00:19 ; elapsed = 00:00:20 . Memory (MB): peak = 650.301 ; gain = 422.355
Finished RTL Optimization Phase 2 : Time (s): cpu = 00:00:20 ; elapsed = 00:00:21 . Memory (MB): peak = 650.301 ; gain = 422.355
Finished Cross Boundary and Area Optimization : Time (s): cpu = 00:00:20 ; elapsed = 00:00:21 . Memory (MB): peak = 650.301 ; gain = 422.355
Finished Applying XDC Timing Constraints : Time (s): cpu = 00:00:34 ; elapsed = 00:00:35 . Memory (MB): peak = 650.301 ; gain = 422.355
Finished Timing Optimization : Time (s): cpu = 00:00:34 ; elapsed = 00:00:35 . Memory (MB): peak = 650.301 ; gain = 422.355
Finished Technology Mapping : Time (s): cpu = 00:00:34 ; elapsed = 00:00:35 . Memory (MB): peak = 650.301 ; gain = 422.355
Finished IO Insertion : Time (s): cpu = 00:00:35 ; elapsed = 00:00:36 . Memory (MB): peak = 650.301 ; gain = 422.355
Finished Renaming Generated Instances : Time (s): cpu = 00:00:35 ; elapsed = 00:00:36 . Memory (MB): peak = 650.301 ; gain = 422.355
Finished Rebuilding User Hierarchy : Time (s): cpu = 00:00:35 ; elapsed = 00:00:36 . Memory (MB): peak = 650.301 ; gain = 422.355
Finished Renaming Generated Ports : Time (s): cpu = 00:00:35 ; elapsed = 00:00:36 . Memory (MB): peak = 650.301 ; gain = 422.355
Finished Handling Custom Attributes : Time (s): cpu = 00:00:35 ; elapsed = 00:00:36 . Memory (MB): peak = 650.301 ; gain = 422.355
Finished Renaming Generated Nets : Time (s): cpu = 00:00:35 ; elapsed = 00:00:36 . Memory (MB): peak = 650.301 ; gain = 422.355

Report Cell Usage: 
+------+------+------+
|      |Cell  |Count |
+------+------+------+
|1     |LUT1  |     5|
|2     |LUT2  |     9|
|3     |LUT3  |     1|
|4     |LUT4  |     6|
|5     |LUT5  |     3|
|6     |LUT6  |     1|
|7     |SRL16 |     1|
|8     |FDR   |     8|
|9     |FDRE  |    28|
|10    |FDSE  |     4|
+------+------+------+
Finished Writing Synthesis Report : Time (s): cpu = 00:00:35 ; elapsed = 00:00:36 . Memory (MB): peak = 650.301 ; gain = 422.355
synth_design: Time (s): cpu = 00:00:37 ; elapsed = 00:00:39 . Memory (MB): peak = 650.301 ; gain = 422.984
