
*** Running vivado
    with args -log solution_wrapper.vdi -applog -m64 -product Vivado -messageDb vivado.pb -mode batch -source solution_wrapper.tcl -notrace


****** Vivado v2017.2 (64-bit)
  **** SW Build 1909853 on Thu Jun 15 18:39:09 MDT 2017
  **** IP Build 1909766 on Thu Jun 15 19:58:00 MDT 2017
    ** Copyright 1986-2017 Xilinx, Inc. All Rights Reserved.

source solution_wrapper.tcl -notrace
INFO: [IP_Flow 19-234] Refreshing IP repositories
INFO: [IP_Flow 19-1704] No user IP repositories specified
INFO: [IP_Flow 19-2313] Loaded Vivado IP repository 'C:/Xilinx/Vivado/2017.2/data/ip'.
Design is defaulting to srcset: sources_1
Design is defaulting to constrset: constrs_1
INFO: [Project 1-454] Reading design checkpoint 'c:/master/EmbeddedPRJ/MiniProjectCPP/MiniProjectCPP.srcs/sources_1/bd/solution/ip/solution_processing_system7_0_0/solution_processing_system7_0_0.dcp' for cell 'solution_i/Processor'
INFO: [Project 1-454] Reading design checkpoint 'c:/master/EmbeddedPRJ/MiniProjectCPP/MiniProjectCPP.srcs/sources_1/bd/solution/ip/solution_axi_gpio_0_1/solution_axi_gpio_0_1.dcp' for cell 'solution_i/inputs'
INFO: [Project 1-454] Reading design checkpoint 'c:/master/EmbeddedPRJ/MiniProjectCPP/MiniProjectCPP.srcs/sources_1/bd/solution/ip/solution_axi_gpio_0_0/solution_axi_gpio_0_0.dcp' for cell 'solution_i/leds'
INFO: [Project 1-454] Reading design checkpoint 'c:/master/EmbeddedPRJ/MiniProjectCPP/MiniProjectCPP.srcs/sources_1/bd/solution/ip/solution_rst_Processor_100M_0/solution_rst_Processor_100M_0.dcp' for cell 'solution_i/rst_Processor_100M'
INFO: [Project 1-454] Reading design checkpoint 'c:/master/EmbeddedPRJ/MiniProjectCPP/MiniProjectCPP.srcs/sources_1/bd/solution/ip/solution_xbar_0/solution_xbar_0.dcp' for cell 'solution_i/Processor_axi_periph/xbar'
INFO: [Project 1-454] Reading design checkpoint 'c:/master/EmbeddedPRJ/MiniProjectCPP/MiniProjectCPP.srcs/sources_1/bd/solution/ip/solution_auto_pc_0/solution_auto_pc_0.dcp' for cell 'solution_i/Processor_axi_periph/s00_couplers/auto_pc'
INFO: [Netlist 29-17] Analyzing 26 Unisim elements for replacement
INFO: [Netlist 29-28] Unisim Transformation completed in 0 CPU seconds
INFO: [Project 1-479] Netlist was created with Vivado 2017.2
INFO: [Device 21-403] Loading part xc7z010clg400-1
INFO: [Project 1-570] Preparing netlist for logic optimization
Parsing XDC File [c:/master/EmbeddedPRJ/MiniProjectCPP/MiniProjectCPP.srcs/sources_1/bd/solution/ip/solution_processing_system7_0_0/solution_processing_system7_0_0.xdc] for cell 'solution_i/Processor/inst'
Finished Parsing XDC File [c:/master/EmbeddedPRJ/MiniProjectCPP/MiniProjectCPP.srcs/sources_1/bd/solution/ip/solution_processing_system7_0_0/solution_processing_system7_0_0.xdc] for cell 'solution_i/Processor/inst'
Parsing XDC File [c:/master/EmbeddedPRJ/MiniProjectCPP/MiniProjectCPP.srcs/sources_1/bd/solution/ip/solution_axi_gpio_0_0/solution_axi_gpio_0_0_board.xdc] for cell 'solution_i/leds/U0'
Finished Parsing XDC File [c:/master/EmbeddedPRJ/MiniProjectCPP/MiniProjectCPP.srcs/sources_1/bd/solution/ip/solution_axi_gpio_0_0/solution_axi_gpio_0_0_board.xdc] for cell 'solution_i/leds/U0'
Parsing XDC File [c:/master/EmbeddedPRJ/MiniProjectCPP/MiniProjectCPP.srcs/sources_1/bd/solution/ip/solution_axi_gpio_0_0/solution_axi_gpio_0_0.xdc] for cell 'solution_i/leds/U0'
Finished Parsing XDC File [c:/master/EmbeddedPRJ/MiniProjectCPP/MiniProjectCPP.srcs/sources_1/bd/solution/ip/solution_axi_gpio_0_0/solution_axi_gpio_0_0.xdc] for cell 'solution_i/leds/U0'
Parsing XDC File [c:/master/EmbeddedPRJ/MiniProjectCPP/MiniProjectCPP.srcs/sources_1/bd/solution/ip/solution_rst_Processor_100M_0/solution_rst_Processor_100M_0_board.xdc] for cell 'solution_i/rst_Processor_100M/U0'
Finished Parsing XDC File [c:/master/EmbeddedPRJ/MiniProjectCPP/MiniProjectCPP.srcs/sources_1/bd/solution/ip/solution_rst_Processor_100M_0/solution_rst_Processor_100M_0_board.xdc] for cell 'solution_i/rst_Processor_100M/U0'
Parsing XDC File [c:/master/EmbeddedPRJ/MiniProjectCPP/MiniProjectCPP.srcs/sources_1/bd/solution/ip/solution_rst_Processor_100M_0/solution_rst_Processor_100M_0.xdc] for cell 'solution_i/rst_Processor_100M/U0'
Finished Parsing XDC File [c:/master/EmbeddedPRJ/MiniProjectCPP/MiniProjectCPP.srcs/sources_1/bd/solution/ip/solution_rst_Processor_100M_0/solution_rst_Processor_100M_0.xdc] for cell 'solution_i/rst_Processor_100M/U0'
Parsing XDC File [c:/master/EmbeddedPRJ/MiniProjectCPP/MiniProjectCPP.srcs/sources_1/bd/solution/ip/solution_axi_gpio_0_1/solution_axi_gpio_0_1_board.xdc] for cell 'solution_i/inputs/U0'
Finished Parsing XDC File [c:/master/EmbeddedPRJ/MiniProjectCPP/MiniProjectCPP.srcs/sources_1/bd/solution/ip/solution_axi_gpio_0_1/solution_axi_gpio_0_1_board.xdc] for cell 'solution_i/inputs/U0'
Parsing XDC File [c:/master/EmbeddedPRJ/MiniProjectCPP/MiniProjectCPP.srcs/sources_1/bd/solution/ip/solution_axi_gpio_0_1/solution_axi_gpio_0_1.xdc] for cell 'solution_i/inputs/U0'
Finished Parsing XDC File [c:/master/EmbeddedPRJ/MiniProjectCPP/MiniProjectCPP.srcs/sources_1/bd/solution/ip/solution_axi_gpio_0_1/solution_axi_gpio_0_1.xdc] for cell 'solution_i/inputs/U0'
INFO: [Opt 31-138] Pushed 0 inverter(s) to 0 load pin(s).
INFO: [Project 1-111] Unisim Transformation Summary:
No Unisim elements were transformed.

link_design: Time (s): cpu = 00:00:10 ; elapsed = 00:00:13 . Memory (MB): peak = 544.090 ; gain = 287.605
Command: opt_design
Attempting to get a license for feature 'Implementation' and/or device 'xc7z010-clg400'
INFO: [Common 17-349] Got license for feature 'Implementation' and/or device 'xc7z010-clg400'
Running DRC as a precondition to command opt_design

Starting DRC Task
Command: report_drc (run_mandatory_drcs) for: opt_checks
INFO: [DRC 23-27] Running DRC with 2 threads
report_drc (run_mandatory_drcs) completed successfully
INFO: [Project 1-461] DRC finished with 0 Errors
INFO: [Project 1-462] Please refer to the DRC report (report_drc) for more information.

Time (s): cpu = 00:00:01 ; elapsed = 00:00:00.676 . Memory (MB): peak = 555.730 ; gain = 11.641
INFO: [Timing 38-35] Done setting XDC timing constraints.

Starting Logic Optimization Task

Phase 1 Retarget
INFO: [Opt 31-138] Pushed 0 inverter(s) to 0 load pin(s).
INFO: [Opt 31-49] Retargeted 0 cell(s).
Phase 1 Retarget | Checksum: f6136d06

Time (s): cpu = 00:00:01 ; elapsed = 00:00:00.212 . Memory (MB): peak = 1038.949 ; gain = 0.000
INFO: [Opt 31-389] Phase Retarget created 0 cells and removed 60 cells

Phase 2 Constant propagation
INFO: [Opt 31-138] Pushed 0 inverter(s) to 0 load pin(s).
Phase 2 Constant propagation | Checksum: 1c0fe414a

Time (s): cpu = 00:00:01 ; elapsed = 00:00:00.431 . Memory (MB): peak = 1038.949 ; gain = 0.000
INFO: [Opt 31-389] Phase Constant propagation created 6 cells and removed 132 cells

Phase 3 Sweep
Phase 3 Sweep | Checksum: 156c19eb2

Time (s): cpu = 00:00:01 ; elapsed = 00:00:00.901 . Memory (MB): peak = 1038.949 ; gain = 0.000
INFO: [Opt 31-389] Phase Sweep created 4 cells and removed 203 cells

Phase 4 BUFG optimization
Phase 4 BUFG optimization | Checksum: 156c19eb2

Time (s): cpu = 00:00:01 ; elapsed = 00:00:00.983 . Memory (MB): peak = 1038.949 ; gain = 0.000
INFO: [Opt 31-389] Phase BUFG optimization created 0 cells and removed 0 cells

Phase 5 Shift Register Optimization
Phase 5 Shift Register Optimization | Checksum: 156c19eb2

Time (s): cpu = 00:00:01 ; elapsed = 00:00:00.998 . Memory (MB): peak = 1038.949 ; gain = 0.000
INFO: [Opt 31-389] Phase Shift Register Optimization created 0 cells and removed 0 cells

Starting Connectivity Check Task

Time (s): cpu = 00:00:00 ; elapsed = 00:00:00.006 . Memory (MB): peak = 1038.949 ; gain = 0.000
Ending Logic Optimization Task | Checksum: 156c19eb2

Time (s): cpu = 00:00:01 ; elapsed = 00:00:01 . Memory (MB): peak = 1038.949 ; gain = 0.000

Starting Power Optimization Task
INFO: [Pwropt 34-132] Skipping clock gating for clocks with a period < 2.00 ns.
Ending Power Optimization Task | Checksum: 1919eba7b

Time (s): cpu = 00:00:00 ; elapsed = 00:00:00.017 . Memory (MB): peak = 1038.949 ; gain = 0.000
30 Infos, 0 Warnings, 0 Critical Warnings and 0 Errors encountered.
opt_design completed successfully
opt_design: Time (s): cpu = 00:00:16 ; elapsed = 00:00:16 . Memory (MB): peak = 1038.949 ; gain = 494.859
Writing placer database...
Writing XDEF routing.
Writing XDEF routing logical nets.
Writing XDEF routing special nets.
Write XDEF Complete: Time (s): cpu = 00:00:00 ; elapsed = 00:00:00.134 . Memory (MB): peak = 1038.949 ; gain = 0.000
INFO: [Common 17-1381] The checkpoint 'C:/master/EmbeddedPRJ/MiniProjectCPP/MiniProjectCPP.runs/impl_1/solution_wrapper_opt.dcp' has been generated.
Command: report_drc -file solution_wrapper_drc_opted.rpt
INFO: [DRC 23-27] Running DRC with 2 threads
INFO: [Coretcl 2-168] The results of DRC are in file C:/master/EmbeddedPRJ/MiniProjectCPP/MiniProjectCPP.runs/impl_1/solution_wrapper_drc_opted.rpt.
report_drc completed successfully
INFO: [Chipscope 16-241] No debug cores found in the current design.
Before running the implement_debug_core command, either use the Set Up Debug wizard (GUI mode)
or use the create_debug_core and connect_debug_core Tcl commands to insert debug cores into the design.
Command: place_design
Attempting to get a license for feature 'Implementation' and/or device 'xc7z010-clg400'
INFO: [Common 17-349] Got license for feature 'Implementation' and/or device 'xc7z010-clg400'
Command: report_drc (run_mandatory_drcs) for: incr_eco_checks
INFO: [DRC 23-27] Running DRC with 2 threads
report_drc (run_mandatory_drcs) completed successfully
INFO: [Vivado_Tcl 4-198] DRC finished with 0 Errors
INFO: [Vivado_Tcl 4-199] Please refer to the DRC report (report_drc) for more information.
Running DRC as a precondition to command place_design
Command: report_drc (run_mandatory_drcs) for: placer_checks
INFO: [DRC 23-27] Running DRC with 2 threads
report_drc (run_mandatory_drcs) completed successfully
INFO: [Vivado_Tcl 4-198] DRC finished with 0 Errors
INFO: [Vivado_Tcl 4-199] Please refer to the DRC report (report_drc) for more information.

Starting Placer Task
INFO: [Place 30-611] Multithreading enabled for place_design using a maximum of 2 CPUs

Phase 1 Placer Initialization

Phase 1.1 Placer Initialization Netlist Sorting
Netlist sorting complete. Time (s): cpu = 00:00:00 ; elapsed = 00:00:00.005 . Memory (MB): peak = 1038.949 ; gain = 0.000
Phase 1.1 Placer Initialization Netlist Sorting | Checksum: d56c1802

Time (s): cpu = 00:00:00 ; elapsed = 00:00:00.018 . Memory (MB): peak = 1038.949 ; gain = 0.000
INFO: [Timing 38-35] Done setting XDC timing constraints.
INFO: [Opt 31-138] Pushed 0 inverter(s) to 0 load pin(s).
Netlist sorting complete. Time (s): cpu = 00:00:00 ; elapsed = 00:00:00.004 . Memory (MB): peak = 1038.949 ; gain = 0.000

Phase 1.2 IO Placement/ Clock Placement/ Build Placer Device
INFO: [Timing 38-35] Done setting XDC timing constraints.
Phase 1.2 IO Placement/ Clock Placement/ Build Placer Device | Checksum: 12fca1aee

Time (s): cpu = 00:00:02 ; elapsed = 00:00:03 . Memory (MB): peak = 1038.949 ; gain = 0.000

Phase 1.3 Build Placer Netlist Model
Phase 1.3 Build Placer Netlist Model | Checksum: 277763971

Time (s): cpu = 00:00:03 ; elapsed = 00:00:03 . Memory (MB): peak = 1038.949 ; gain = 0.000

Phase 1.4 Constrain Clocks/Macros
Phase 1.4 Constrain Clocks/Macros | Checksum: 277763971

Time (s): cpu = 00:00:03 ; elapsed = 00:00:03 . Memory (MB): peak = 1038.949 ; gain = 0.000
Phase 1 Placer Initialization | Checksum: 277763971

Time (s): cpu = 00:00:03 ; elapsed = 00:00:03 . Memory (MB): peak = 1038.949 ; gain = 0.000

Phase 2 Global Placement
Phase 2 Global Placement | Checksum: 2130f2533

Time (s): cpu = 00:00:05 ; elapsed = 00:00:04 . Memory (MB): peak = 1038.949 ; gain = 0.000

Phase 3 Detail Placement

Phase 3.1 Commit Multi Column Macros
Phase 3.1 Commit Multi Column Macros | Checksum: 2130f2533

Time (s): cpu = 00:00:05 ; elapsed = 00:00:04 . Memory (MB): peak = 1038.949 ; gain = 0.000

Phase 3.2 Commit Most Macros & LUTRAMs
Phase 3.2 Commit Most Macros & LUTRAMs | Checksum: 2546a05e1

Time (s): cpu = 00:00:05 ; elapsed = 00:00:04 . Memory (MB): peak = 1038.949 ; gain = 0.000

Phase 3.3 Area Swap Optimization
Phase 3.3 Area Swap Optimization | Checksum: 2181cab4b

Time (s): cpu = 00:00:05 ; elapsed = 00:00:04 . Memory (MB): peak = 1038.949 ; gain = 0.000

Phase 3.4 Pipeline Register Optimization
Phase 3.4 Pipeline Register Optimization | Checksum: 29eeb8df2

Time (s): cpu = 00:00:05 ; elapsed = 00:00:04 . Memory (MB): peak = 1038.949 ; gain = 0.000

Phase 3.5 Timing Path Optimizer
Phase 3.5 Timing Path Optimizer | Checksum: 1fc985a86

Time (s): cpu = 00:00:05 ; elapsed = 00:00:05 . Memory (MB): peak = 1038.949 ; gain = 0.000

Phase 3.6 Small Shape Detail Placement
Phase 3.6 Small Shape Detail Placement | Checksum: 1cbb12d07

Time (s): cpu = 00:00:06 ; elapsed = 00:00:05 . Memory (MB): peak = 1038.949 ; gain = 0.000

Phase 3.7 Re-assign LUT pins
Phase 3.7 Re-assign LUT pins | Checksum: 1b65f1e83

Time (s): cpu = 00:00:06 ; elapsed = 00:00:05 . Memory (MB): peak = 1038.949 ; gain = 0.000

Phase 3.8 Pipeline Register Optimization
Phase 3.8 Pipeline Register Optimization | Checksum: 1b65f1e83

Time (s): cpu = 00:00:06 ; elapsed = 00:00:05 . Memory (MB): peak = 1038.949 ; gain = 0.000
Phase 3 Detail Placement | Checksum: 1b65f1e83

Time (s): cpu = 00:00:06 ; elapsed = 00:00:05 . Memory (MB): peak = 1038.949 ; gain = 0.000

Phase 4 Post Placement Optimization and Clean-Up

Phase 4.1 Post Commit Optimization
INFO: [Timing 38-35] Done setting XDC timing constraints.

Phase 4.1.1 Post Placement Optimization
Post Placement Optimization Initialization | Checksum: 21fe82021

Phase 4.1.1.1 BUFG Insertion
INFO: [Physopt 32-721] Multithreading enabled for phys_opt_design using a maximum of 2 CPUs
INFO: [Place 46-41] BUFG insertion identified 0 candidate nets, 0 success, 0 skipped for placement/routing, 0 skipped for timing, 0 skipped for netlist change reason.
Phase 4.1.1.1 BUFG Insertion | Checksum: 21fe82021

Time (s): cpu = 00:00:06 ; elapsed = 00:00:06 . Memory (MB): peak = 1039.684 ; gain = 0.734
INFO: [Place 30-746] Post Placement Timing Summary WNS=3.243. For the most accurate timing information please run report_timing.
Phase 4.1.1 Post Placement Optimization | Checksum: 172ef5bab

Time (s): cpu = 00:00:06 ; elapsed = 00:00:06 . Memory (MB): peak = 1039.684 ; gain = 0.734
Phase 4.1 Post Commit Optimization | Checksum: 172ef5bab

Time (s): cpu = 00:00:06 ; elapsed = 00:00:06 . Memory (MB): peak = 1039.684 ; gain = 0.734

Phase 4.2 Post Placement Cleanup
Phase 4.2 Post Placement Cleanup | Checksum: 172ef5bab

Time (s): cpu = 00:00:06 ; elapsed = 00:00:06 . Memory (MB): peak = 1039.684 ; gain = 0.734

Phase 4.3 Placer Reporting
Phase 4.3 Placer Reporting | Checksum: 172ef5bab

Time (s): cpu = 00:00:06 ; elapsed = 00:00:06 . Memory (MB): peak = 1039.684 ; gain = 0.734

Phase 4.4 Final Placement Cleanup
Phase 4.4 Final Placement Cleanup | Checksum: 1a6c152c6

Time (s): cpu = 00:00:07 ; elapsed = 00:00:06 . Memory (MB): peak = 1039.684 ; gain = 0.734
Phase 4 Post Placement Optimization and Clean-Up | Checksum: 1a6c152c6

Time (s): cpu = 00:00:07 ; elapsed = 00:00:06 . Memory (MB): peak = 1039.684 ; gain = 0.734
Ending Placer Task | Checksum: 19e79d352

Time (s): cpu = 00:00:07 ; elapsed = 00:00:06 . Memory (MB): peak = 1039.684 ; gain = 0.734
49 Infos, 0 Warnings, 0 Critical Warnings and 0 Errors encountered.
place_design completed successfully
place_design: Time (s): cpu = 00:00:10 ; elapsed = 00:00:08 . Memory (MB): peak = 1039.684 ; gain = 0.734
Writing placer database...
Writing XDEF routing.
Writing XDEF routing logical nets.
Writing XDEF routing special nets.
Write XDEF Complete: Time (s): cpu = 00:00:00 ; elapsed = 00:00:00.203 . Memory (MB): peak = 1040.863 ; gain = 1.180
INFO: [Common 17-1381] The checkpoint 'C:/master/EmbeddedPRJ/MiniProjectCPP/MiniProjectCPP.runs/impl_1/solution_wrapper_placed.dcp' has been generated.
report_io: Time (s): cpu = 00:00:00 ; elapsed = 00:00:00.052 . Memory (MB): peak = 1048.008 ; gain = 3.074
report_utilization: Time (s): cpu = 00:00:00 ; elapsed = 00:00:00.037 . Memory (MB): peak = 1048.008 ; gain = 0.000
report_control_sets: Time (s): cpu = 00:00:00 ; elapsed = 00:00:00.006 . Memory (MB): peak = 1048.008 ; gain = 0.000
Command: route_design
Attempting to get a license for feature 'Implementation' and/or device 'xc7z010-clg400'
INFO: [Common 17-349] Got license for feature 'Implementation' and/or device 'xc7z010-clg400'
Running DRC as a precondition to command route_design
Command: report_drc (run_mandatory_drcs) for: router_checks
INFO: [DRC 23-27] Running DRC with 2 threads
report_drc (run_mandatory_drcs) completed successfully
INFO: [Vivado_Tcl 4-198] DRC finished with 0 Errors
INFO: [Vivado_Tcl 4-199] Please refer to the DRC report (report_drc) for more information.


Starting Routing Task
INFO: [Route 35-254] Multithreading enabled for route_design using a maximum of 2 CPUs
Checksum: PlaceDB: b04e69e4 ConstDB: 0 ShapeSum: ee2b696e RouteDB: 0

Phase 1 Build RT Design
Phase 1 Build RT Design | Checksum: 4f632284

Time (s): cpu = 00:00:14 ; elapsed = 00:00:13 . Memory (MB): peak = 1132.234 ; gain = 84.227

Phase 2 Router Initialization

Phase 2.1 Create Timer
Phase 2.1 Create Timer | Checksum: 4f632284

Time (s): cpu = 00:00:14 ; elapsed = 00:00:13 . Memory (MB): peak = 1132.234 ; gain = 84.227

Phase 2.2 Fix Topology Constraints
Phase 2.2 Fix Topology Constraints | Checksum: 4f632284

Time (s): cpu = 00:00:14 ; elapsed = 00:00:13 . Memory (MB): peak = 1132.234 ; gain = 84.227

Phase 2.3 Pre Route Cleanup
Phase 2.3 Pre Route Cleanup | Checksum: 4f632284

Time (s): cpu = 00:00:14 ; elapsed = 00:00:13 . Memory (MB): peak = 1132.234 ; gain = 84.227
 Number of Nodes with overlaps = 0

Phase 2.4 Update Timing
Phase 2.4 Update Timing | Checksum: 53692730

Time (s): cpu = 00:00:15 ; elapsed = 00:00:13 . Memory (MB): peak = 1132.234 ; gain = 84.227
INFO: [Route 35-416] Intermediate Timing Summary | WNS=3.285  | TNS=0.000  | WHS=-0.144 | THS=-16.392|

Phase 2 Router Initialization | Checksum: 91895ed4

Time (s): cpu = 00:00:15 ; elapsed = 00:00:13 . Memory (MB): peak = 1132.234 ; gain = 84.227

Phase 3 Initial Routing
Phase 3 Initial Routing | Checksum: 182f3e966

Time (s): cpu = 00:00:15 ; elapsed = 00:00:14 . Memory (MB): peak = 1132.234 ; gain = 84.227

Phase 4 Rip-up And Reroute

Phase 4.1 Global Iteration 0
 Number of Nodes with overlaps = 88
 Number of Nodes with overlaps = 0
INFO: [Route 35-416] Intermediate Timing Summary | WNS=3.547  | TNS=0.000  | WHS=N/A    | THS=N/A    |

Phase 4.1 Global Iteration 0 | Checksum: 15fe07965

Time (s): cpu = 00:00:16 ; elapsed = 00:00:14 . Memory (MB): peak = 1132.234 ; gain = 84.227

Phase 4.2 Global Iteration 1
 Number of Nodes with overlaps = 4
 Number of Nodes with overlaps = 0
INFO: [Route 35-416] Intermediate Timing Summary | WNS=3.547  | TNS=0.000  | WHS=N/A    | THS=N/A    |

Phase 4.2 Global Iteration 1 | Checksum: 20cc64d10

Time (s): cpu = 00:00:16 ; elapsed = 00:00:14 . Memory (MB): peak = 1132.234 ; gain = 84.227
Phase 4 Rip-up And Reroute | Checksum: 20cc64d10

Time (s): cpu = 00:00:16 ; elapsed = 00:00:14 . Memory (MB): peak = 1132.234 ; gain = 84.227

Phase 5 Delay and Skew Optimization

Phase 5.1 Delay CleanUp

Phase 5.1.1 Update Timing
Phase 5.1.1 Update Timing | Checksum: 24ebae93a

Time (s): cpu = 00:00:16 ; elapsed = 00:00:14 . Memory (MB): peak = 1132.234 ; gain = 84.227
INFO: [Route 35-416] Intermediate Timing Summary | WNS=3.662  | TNS=0.000  | WHS=N/A    | THS=N/A    |

Phase 5.1 Delay CleanUp | Checksum: 24ebae93a

Time (s): cpu = 00:00:16 ; elapsed = 00:00:14 . Memory (MB): peak = 1132.234 ; gain = 84.227

Phase 5.2 Clock Skew Optimization
Phase 5.2 Clock Skew Optimization | Checksum: 24ebae93a

Time (s): cpu = 00:00:16 ; elapsed = 00:00:14 . Memory (MB): peak = 1132.234 ; gain = 84.227
Phase 5 Delay and Skew Optimization | Checksum: 24ebae93a

Time (s): cpu = 00:00:16 ; elapsed = 00:00:14 . Memory (MB): peak = 1132.234 ; gain = 84.227

Phase 6 Post Hold Fix

Phase 6.1 Hold Fix Iter

Phase 6.1.1 Update Timing
Phase 6.1.1 Update Timing | Checksum: 1c4e32f64

Time (s): cpu = 00:00:16 ; elapsed = 00:00:14 . Memory (MB): peak = 1132.234 ; gain = 84.227
INFO: [Route 35-416] Intermediate Timing Summary | WNS=3.662  | TNS=0.000  | WHS=0.027  | THS=0.000  |

Phase 6.1 Hold Fix Iter | Checksum: 1a6632a95

Time (s): cpu = 00:00:16 ; elapsed = 00:00:14 . Memory (MB): peak = 1132.234 ; gain = 84.227
Phase 6 Post Hold Fix | Checksum: 1a6632a95

Time (s): cpu = 00:00:16 ; elapsed = 00:00:14 . Memory (MB): peak = 1132.234 ; gain = 84.227

Phase 7 Route finalize

Router Utilization Summary
  Global Vertical Routing Utilization    = 0.39344 %
  Global Horizontal Routing Utilization  = 0.603401 %
  Routable Net Status*
  *Does not include unroutable nets such as driverless and loadless.
  Run report_route_status for detailed report.
  Number of Failed Nets               = 0
  Number of Unrouted Nets             = 0
  Number of Partially Routed Nets     = 0
  Number of Node Overlaps             = 0

Phase 7 Route finalize | Checksum: 214e392dd

Time (s): cpu = 00:00:17 ; elapsed = 00:00:14 . Memory (MB): peak = 1132.234 ; gain = 84.227

Phase 8 Verifying routed nets

 Verification completed successfully
Phase 8 Verifying routed nets | Checksum: 214e392dd

Time (s): cpu = 00:00:17 ; elapsed = 00:00:14 . Memory (MB): peak = 1132.234 ; gain = 84.227

Phase 9 Depositing Routes
Phase 9 Depositing Routes | Checksum: 1a8b0fe2a

Time (s): cpu = 00:00:17 ; elapsed = 00:00:14 . Memory (MB): peak = 1132.234 ; gain = 84.227

Phase 10 Post Router Timing
INFO: [Route 35-57] Estimated Timing Summary | WNS=3.662  | TNS=0.000  | WHS=0.027  | THS=0.000  |

INFO: [Route 35-327] The final timing numbers are based on the router estimated timing analysis. For a complete and accurate timing signoff, please run report_timing_summary.
Phase 10 Post Router Timing | Checksum: 1a8b0fe2a

Time (s): cpu = 00:00:17 ; elapsed = 00:00:14 . Memory (MB): peak = 1132.234 ; gain = 84.227
INFO: [Route 35-16] Router Completed Successfully

Time (s): cpu = 00:00:17 ; elapsed = 00:00:14 . Memory (MB): peak = 1132.234 ; gain = 84.227

Routing Is Done.
63 Infos, 0 Warnings, 0 Critical Warnings and 0 Errors encountered.
route_design completed successfully
route_design: Time (s): cpu = 00:00:20 ; elapsed = 00:00:17 . Memory (MB): peak = 1132.234 ; gain = 84.227
Writing placer database...
Writing XDEF routing.
Writing XDEF routing logical nets.
Writing XDEF routing special nets.
Write XDEF Complete: Time (s): cpu = 00:00:01 ; elapsed = 00:00:00.363 . Memory (MB): peak = 1132.234 ; gain = 0.000
INFO: [Common 17-1381] The checkpoint 'C:/master/EmbeddedPRJ/MiniProjectCPP/MiniProjectCPP.runs/impl_1/solution_wrapper_routed.dcp' has been generated.
Command: report_drc -file solution_wrapper_drc_routed.rpt -pb solution_wrapper_drc_routed.pb -rpx solution_wrapper_drc_routed.rpx
INFO: [DRC 23-27] Running DRC with 2 threads
INFO: [Coretcl 2-168] The results of DRC are in file C:/master/EmbeddedPRJ/MiniProjectCPP/MiniProjectCPP.runs/impl_1/solution_wrapper_drc_routed.rpt.
report_drc completed successfully
Command: report_methodology -file solution_wrapper_methodology_drc_routed.rpt -rpx solution_wrapper_methodology_drc_routed.rpx
INFO: [Timing 38-35] Done setting XDC timing constraints.
INFO: [DRC 23-133] Running Methodology with 2 threads
INFO: [Coretcl 2-1520] The results of Report Methodology are in file C:/master/EmbeddedPRJ/MiniProjectCPP/MiniProjectCPP.runs/impl_1/solution_wrapper_methodology_drc_routed.rpt.
report_methodology completed successfully
Command: report_power -file solution_wrapper_power_routed.rpt -pb solution_wrapper_power_summary_routed.pb -rpx solution_wrapper_power_routed.rpx
INFO: [Timing 38-35] Done setting XDC timing constraints.
Running Vector-less Activity Propagation...

Finished Running Vector-less Activity Propagation
70 Infos, 0 Warnings, 0 Critical Warnings and 0 Errors encountered.
report_power completed successfully
INFO: [Timing 38-91] UpdateTimingParams: Speed grade: -1, Delay Type: min_max.
INFO: [Timing 38-191] Multithreading enabled for timing update using a maximum of 2 CPUs
Command: write_bitstream -force solution_wrapper.bit
Attempting to get a license for feature 'Implementation' and/or device 'xc7z010-clg400'
INFO: [Common 17-349] Got license for feature 'Implementation' and/or device 'xc7z010-clg400'
Running DRC as a precondition to command write_bitstream
Command: report_drc (run_mandatory_drcs) for: bitstream_checks
INFO: [DRC 23-27] Running DRC with 2 threads
report_drc (run_mandatory_drcs) completed successfully
INFO: [Vivado 12-3199] DRC finished with 0 Errors
INFO: [Vivado 12-3200] Please refer to the DRC report (report_drc) for more information.
INFO: [Project 1-821] Please set project.enableDesignId to be 'true'.
INFO: [Designutils 20-2272] Running write_bitstream with 2 threads.
Loading data files...
Loading site data...
Loading route data...
Processing options...
Creating bitmap...
Creating bitstream...
Writing bitstream ./solution_wrapper.bit...
INFO: [Vivado 12-1842] Bitgen Completed Successfully.
INFO: [Project 1-120] WebTalk data collection is mandatory when using a WebPACK part without a full Vivado license. To see the specific WebTalk data collected for your design, open the usage_statistics_webtalk.html or usage_statistics_webtalk.xml file in the implementation directory.
80 Infos, 0 Warnings, 0 Critical Warnings and 0 Errors encountered.
write_bitstream completed successfully
write_bitstream: Time (s): cpu = 00:00:16 ; elapsed = 00:00:14 . Memory (MB): peak = 1500.816 ; gain = 345.098
INFO: [Common 17-206] Exiting Vivado at Fri Dec 27 08:14:42 2019...
