#-----------------------------------------------------------
# Vivado v2017.2 (64-bit)
# SW Build 1909853 on Thu Jun 15 18:39:09 MDT 2017
# IP Build 1909766 on Thu Jun 15 19:58:00 MDT 2017
# Start of session at: Sun Jan  5 10:01:30 2020
# Process ID: 12844
# Current directory: C:/master/EmbeddedPRJ2/E19_Embedded/MiniProjectCPP
# Command line: vivado.exe -gui_launcher_event rodinguilauncherevent16248 C:\master\EmbeddedPRJ2\E19_Embedded\MiniProjectCPP\MiniProjectCPP.xpr
# Log file: C:/master/EmbeddedPRJ2/E19_Embedded/MiniProjectCPP/vivado.log
# Journal file: C:/master/EmbeddedPRJ2/E19_Embedded/MiniProjectCPP\vivado.jou
#-----------------------------------------------------------
start_gui
open_project C:/master/EmbeddedPRJ2/E19_Embedded/MiniProjectCPP/MiniProjectCPP.xpr
INFO: [Project 1-313] Project file moved from 'C:/master/EmbeddedPRJ/MiniProjectCPP' since last save.
Scanning sources...
Finished scanning sources
INFO: [filemgmt 56-1] IPUserFilesDir: Directory not found as 'C:/master/EmbeddedPRJ2/E19_Embedded/MiniProjectCPP/MiniProjectCPP.ip_user_files'; using path 'C:/master/EmbeddedPRJ/MiniProjectCPP/MiniProjectCPP.ip_user_files' instead.
INFO: [IP_Flow 19-234] Refreshing IP repositories
INFO: [IP_Flow 19-1704] No user IP repositories specified
INFO: [IP_Flow 19-2313] Loaded Vivado IP repository 'C:/Xilinx/Vivado/2017.2/data/ip'.
open_project: Time (s): cpu = 00:00:23 ; elapsed = 00:00:13 . Memory (MB): peak = 816.633 ; gain = 36.641
update_compile_order -fileset sources_1
launch_sdk -workspace C:/master/EmbeddedPRJ2/E19_Embedded/MiniProjectCPP/MiniProjectCPP.sdk -hwspec C:/master/EmbeddedPRJ2/E19_Embedded/MiniProjectCPP/MiniProjectCPP.sdk/solution_wrapper.hdf
INFO: [Vivado 12-393] Launching SDK...
INFO: [Vivado 12-417] Running xsdk -workspace C:/master/EmbeddedPRJ2/E19_Embedded/MiniProjectCPP/MiniProjectCPP.sdk -hwspec C:/master/EmbeddedPRJ2/E19_Embedded/MiniProjectCPP/MiniProjectCPP.sdk/solution_wrapper.hdf
INFO: [Vivado 12-3157] SDK launch initiated. Please check console for any further messages.
launch_sdk -workspace C:/master/EmbeddedPRJ2/E19_Embedded/MiniProjectCPP/MiniProjectCPP.sdk -hwspec C:/master/EmbeddedPRJ2/E19_Embedded/MiniProjectCPP/MiniProjectCPP.sdk/solution_wrapper.hdf
INFO: [Vivado 12-393] Launching SDK...
INFO: [Vivado 12-417] Running xsdk -workspace C:/master/EmbeddedPRJ2/E19_Embedded/MiniProjectCPP/MiniProjectCPP.sdk -hwspec C:/master/EmbeddedPRJ2/E19_Embedded/MiniProjectCPP/MiniProjectCPP.sdk/solution_wrapper.hdf
INFO: [Vivado 12-3157] SDK launch initiated. Please check console for any further messages.
cd C:\master\EmbeddedPRJ2\E19_Embedded\convolution.prj\solution1\sim\verilog
couldn't change working directory to "C:masterEmbeddedPRJ2E19_Embeddedconvolution.prjsolution1simerilog": no such file or directory
cd C:\master\EmbeddedPRJ2\E19_Embedded\convolution.prj\solution1
couldn't change working directory to "C:masterEmbeddedPRJ2E19_Embeddedconvolution.prjsolution1": no such file or directory
cd C:/master/EmbeddedPRJ2/E19_Embedded/convolution.prj/solution1/
pwd
C:/master/EmbeddedPRJ2/E19_Embedded/convolution.prj/solution1
cd sim
pwd
C:/master/EmbeddedPRJ2/E19_Embedded/convolution.prj/solution1/sim
cd verilog
pwd
C:/master/EmbeddedPRJ2/E19_Embedded/convolution.prj/solution1/sim/verilog
current_fileset
sources_1
open_wave_database convolution.wdb
ERROR: [Simtcl 6-118] Unable to locate wdb file 'convolution.wdb'
exit
INFO: [Common 17-206] Exiting Vivado at Sun Jan  5 13:22:46 2020...
